Copyright 1986-2019 Xilinx, Inc. All Rights Reserved.
-------------------------------------------------------------------------------------------------------------------------------------------------------------------------------------------------
| Tool Version     : Vivado v.2019.2 (win64) Build 2708876 Wed Nov  6 21:40:23 MST 2019
| Date             : Tue Nov 10 16:38:16 2020
| Host             : DESKTOP-8IS8HFL running 64-bit major release  (build 9200)
| Command          : report_power -file minized_petalinux_wrapper_power_routed.rpt -pb minized_petalinux_wrapper_power_summary_routed.pb -rpx minized_petalinux_wrapper_power_routed.rpx
| Design           : minized_petalinux_wrapper
| Device           : xc7z007sclg225-1
| Design State     : routed
| Grade            : commercial
| Process          : typical
| Characterization : Production
-------------------------------------------------------------------------------------------------------------------------------------------------------------------------------------------------

Power Report

Table of Contents
-----------------
1. Summary
1.1 On-Chip Components
1.2 Power Supply Summary
1.3 Confidence Level
2. Settings
2.1 Environment
2.2 Clock Constraints
3. Detailed Reports
3.1 By Hierarchy

1. Summary
----------

+--------------------------+--------------+
| Total On-Chip Power (W)  | 1.405        |
| Design Power Budget (W)  | Unspecified* |
| Power Budget Margin (W)  | NA           |
| Dynamic (W)              | 1.284        |
| Device Static (W)        | 0.121        |
| Effective TJA (C/W)      | 11.5         |
| Max Ambient (C)          | 68.8         |
| Junction Temperature (C) | 41.2         |
| Confidence Level         | Low          |
| Setting File             | ---          |
| Simulation Activity File | ---          |
| Design Nets Matched      | NA           |
+--------------------------+--------------+
* Specify Design Power Budget using, set_operating_conditions -design_power_budget <value in Watts>


1.1 On-Chip Components
----------------------

+--------------------------+-----------+----------+-----------+-----------------+
| On-Chip                  | Power (W) | Used     | Available | Utilization (%) |
+--------------------------+-----------+----------+-----------+-----------------+
| Clocks                   |     0.031 |        4 |       --- |             --- |
| Slice Logic              |     0.019 |    21025 |       --- |             --- |
|   LUT as Logic           |     0.014 |     6755 |     14400 |           46.91 |
|   Register               |     0.002 |     9999 |     28800 |           34.72 |
|   CARRY4                 |     0.002 |      399 |      4400 |            9.07 |
|   LUT as Shift Register  |     0.001 |      599 |      6000 |            9.98 |
|   LUT as Distributed RAM |    <0.001 |       26 |      6000 |            0.43 |
|   F7/F8 Muxes            |    <0.001 |        9 |     17600 |            0.05 |
|   Others                 |     0.000 |     1214 |       --- |             --- |
| Signals                  |     0.026 |    14667 |       --- |             --- |
| Block RAM                |     0.014 |        9 |        50 |           18.00 |
| DSPs                     |     0.010 |        9 |        66 |           13.64 |
| I/O                      |     0.006 |       23 |        54 |           42.59 |
| PS7                      |     1.178 |        1 |       --- |             --- |
| Static Power             |     0.121 |          |           |                 |
| Total                    |     1.405 |          |           |                 |
+--------------------------+-----------+----------+-----------+-----------------+


1.2 Power Supply Summary
------------------------

+-----------+-------------+-----------+-------------+------------+
| Source    | Voltage (V) | Total (A) | Dynamic (A) | Static (A) |
+-----------+-------------+-----------+-------------+------------+
| Vccint    |       1.000 |     0.106 |       0.099 |      0.007 |
| Vccaux    |       1.800 |     0.008 |       0.000 |      0.008 |
| Vcco33    |       3.300 |     0.003 |       0.002 |      0.001 |
| Vcco25    |       2.500 |     0.000 |       0.000 |      0.000 |
| Vcco18    |       1.800 |     0.000 |       0.000 |      0.000 |
| Vcco15    |       1.500 |     0.000 |       0.000 |      0.000 |
| Vcco135   |       1.350 |     0.000 |       0.000 |      0.000 |
| Vcco12    |       1.200 |     0.000 |       0.000 |      0.000 |
| Vccaux_io |       1.800 |     0.000 |       0.000 |      0.000 |
| Vccbram   |       1.000 |     0.002 |       0.001 |      0.001 |
| MGTAVcc   |       1.000 |     0.000 |       0.000 |      0.000 |
| MGTAVtt   |       1.200 |     0.000 |       0.000 |      0.000 |
| MGTVccaux |       1.800 |     0.000 |       0.000 |      0.000 |
| Vccpint   |       1.000 |     0.695 |       0.668 |      0.027 |
| Vccpaux   |       1.800 |     0.036 |       0.026 |      0.010 |
| Vccpll    |       1.800 |     0.017 |       0.014 |      0.003 |
| Vcco_ddr  |       1.350 |     0.321 |       0.319 |      0.002 |
| Vcco_mio0 |       3.300 |     0.002 |       0.001 |      0.001 |
| Vcco_mio1 |       3.300 |     0.002 |       0.001 |      0.001 |
| Vccadc    |       1.800 |     0.020 |       0.000 |      0.020 |
+-----------+-------------+-----------+-------------+------------+


1.3 Confidence Level
--------------------

+-----------------------------+------------+--------------------------------------------------------+------------------------------------------------------------------------------------------------------------+
| User Input Data             | Confidence | Details                                                | Action                                                                                                     |
+-----------------------------+------------+--------------------------------------------------------+------------------------------------------------------------------------------------------------------------+
| Design implementation state | High       | Design is routed                                       |                                                                                                            |
| Clock nodes activity        | High       | User specified more than 95% of clocks                 |                                                                                                            |
| I/O nodes activity          | Low        | More than 75% of inputs are missing user specification | Provide missing input activity with simulation results or by editing the "By Resource Type -> I/Os" view   |
| Internal nodes activity     | Medium     | User specified less than 25% of internal nodes         | Provide missing internal nodes activity with simulation results or by editing the "By Resource Type" views |
| Device models               | High       | Device models are Production                           |                                                                                                            |
|                             |            |                                                        |                                                                                                            |
| Overall confidence level    | Low        |                                                        |                                                                                                            |
+-----------------------------+------------+--------------------------------------------------------+------------------------------------------------------------------------------------------------------------+


2. Settings
-----------

2.1 Environment
---------------

+-----------------------+------------------------+
| Ambient Temp (C)      | 25.0                   |
| ThetaJA (C/W)         | 11.5                   |
| Airflow (LFM)         | 250                    |
| Heat Sink             | none                   |
| ThetaSA (C/W)         | 0.0                    |
| Board Selection       | medium (10"x10")       |
| # of Board Layers     | 8to11 (8 to 11 Layers) |
| Board Temperature (C) | 25.0                   |
+-----------------------+------------------------+


2.2 Clock Constraints
---------------------

+------------+----------------------------------------------------------------------+-----------------+
| Clock      | Domain                                                               | Constraint (ns) |
+------------+----------------------------------------------------------------------+-----------------+
| clk_fpga_0 | minized_petalinux_i/processing_system7_0/inst/FCLK_CLK_unbuffered[0] |            10.0 |
| clk_fpga_1 | minized_petalinux_i/processing_system7_0/inst/FCLK_CLK_unbuffered[1] |            20.8 |
+------------+----------------------------------------------------------------------+-----------------+


3. Detailed Reports
-------------------

3.1 By Hierarchy
----------------

+---------------------------+-----------+
| Name                      | Power (W) |
+---------------------------+-----------+
| minized_petalinux_wrapper |     1.284 |
|   minized_petalinux_i     |     1.281 |
|     axi_dma_0             |     0.007 |
|       U0                  |     0.007 |
|     axi_dma_1             |     0.007 |
|       U0                  |     0.007 |
|     axi_iic_0             |     0.002 |
|       U0                  |     0.002 |
|     axi_mem_intercon      |     0.007 |
|       m00_couplers        |     0.002 |
|       xbar                |     0.002 |
|     bluetooth_uart        |     0.002 |
|       U0                  |     0.002 |
|     processing_system7_0  |     1.179 |
|       inst                |     1.179 |
|     ps7_0_axi_periph      |     0.005 |
|       s00_couplers        |     0.004 |
|       xbar                |     0.001 |
|     sampler_with_stream_0 |     0.001 |
|       inst                |     0.001 |
|     wireless_mgr_0        |     0.004 |
|       inst                |     0.004 |
|     xfft_0                |     0.065 |
|       U0                  |     0.065 |
+---------------------------+-----------+


