TRACE::2020-10-28.20:21:08::SCWBifWriter::Found the complete platform D:/VitisWorkspace/fft_dma/export/fft_dma/fft_dma.xpfm
TRACE::2020-10-28.20:21:08::SCWBifWriter::hardware databse : minized_petalinux_wrapper_11
TRACE::2020-10-28.20:21:08::SCWBifWriter::bitstream found in the design
TRACE::2020-10-28.20:21:08::SCWBifWriter::Found a baremetal domain, proc: ps7_cortexa9_0
TRACE::2020-10-28.20:21:08::SCWBifWriter::proc type : 
TRACE::2020-10-28.20:21:08::SCWBifWriter::proc[0] : ps7_cortexa9_0
TRACE::2020-10-28.20:21:08::SCWBifWriter::Device type is : zynq
TRACE::2020-10-28.20:21:08::SCWBifWriter::Writing BIF to file : D:/VitisWorkspace/full_fft_system/Debug/system.bif
TRACE::2020-10-28.20:21:08::SCWBifWriter::Writing the Zynq Baremetal bif 
TRACE::2020-10-28.20:53:51::SCWBifWriter::Found the complete platform D:/VitisWorkspace/fft_dma/export/fft_dma/fft_dma.xpfm
TRACE::2020-10-28.20:53:51::SCWBifWriter::hardware databse : minized_petalinux_wrapper_16
TRACE::2020-10-28.20:53:51::SCWBifWriter::bitstream found in the design
TRACE::2020-10-28.20:53:51::SCWBifWriter::Found a baremetal domain, proc: ps7_cortexa9_0
TRACE::2020-10-28.20:53:51::SCWBifWriter::proc type : 
TRACE::2020-10-28.20:53:51::SCWBifWriter::proc[0] : ps7_cortexa9_0
TRACE::2020-10-28.20:53:51::SCWBifWriter::Device type is : zynq
TRACE::2020-10-28.20:53:51::SCWBifWriter::Writing BIF to file : D:/VitisWorkspace/full_fft_system/Debug/system.bif
TRACE::2020-10-28.20:53:51::SCWBifWriter::Writing the Zynq Baremetal bif 
TRACE::2020-10-28.20:55:12::SCWBifWriter::Found the complete platform D:/VitisWorkspace/fft_dma/export/fft_dma/fft_dma.xpfm
TRACE::2020-10-28.20:55:12::SCWBifWriter::hardware databse : minized_petalinux_wrapper_16
TRACE::2020-10-28.20:55:12::SCWBifWriter::bitstream found in the design
TRACE::2020-10-28.20:55:12::SCWBifWriter::Found a baremetal domain, proc: ps7_cortexa9_0
TRACE::2020-10-28.20:55:12::SCWBifWriter::proc type : 
TRACE::2020-10-28.20:55:12::SCWBifWriter::proc[0] : ps7_cortexa9_0
TRACE::2020-10-28.20:55:12::SCWBifWriter::Device type is : zynq
TRACE::2020-10-28.20:55:12::SCWBifWriter::Writing BIF to file : D:/VitisWorkspace/full_fft_system/Debug/system.bif
TRACE::2020-10-28.20:55:12::SCWBifWriter::Writing the Zynq Baremetal bif 
TRACE::2020-10-28.21:12:07::SCWBifWriter::Found the complete platform D:/VitisWorkspace/fft_dma/export/fft_dma/fft_dma.xpfm
TRACE::2020-10-28.21:12:07::SCWBifWriter::hardware databse : minized_petalinux_wrapper_20
TRACE::2020-10-28.21:12:07::SCWBifWriter::bitstream found in the design
TRACE::2020-10-28.21:12:07::SCWBifWriter::Found a baremetal domain, proc: ps7_cortexa9_0
TRACE::2020-10-28.21:12:07::SCWBifWriter::proc type : 
TRACE::2020-10-28.21:12:07::SCWBifWriter::proc[0] : ps7_cortexa9_0
TRACE::2020-10-28.21:12:07::SCWBifWriter::Device type is : zynq
TRACE::2020-10-28.21:12:07::SCWBifWriter::Writing BIF to file : D:/VitisWorkspace/full_fft_system/Debug/system.bif
TRACE::2020-10-28.21:12:07::SCWBifWriter::Writing the Zynq Baremetal bif 
TRACE::2020-10-28.21:12:39::SCWBifWriter::Found the complete platform D:/VitisWorkspace/fft_dma/export/fft_dma/fft_dma.xpfm
TRACE::2020-10-28.21:12:39::SCWBifWriter::hardware databse : minized_petalinux_wrapper_20
TRACE::2020-10-28.21:12:39::SCWBifWriter::bitstream found in the design
TRACE::2020-10-28.21:12:39::SCWBifWriter::Found a baremetal domain, proc: ps7_cortexa9_0
TRACE::2020-10-28.21:12:39::SCWBifWriter::proc type : 
TRACE::2020-10-28.21:12:39::SCWBifWriter::proc[0] : ps7_cortexa9_0
TRACE::2020-10-28.21:12:39::SCWBifWriter::Device type is : zynq
TRACE::2020-10-28.21:12:39::SCWBifWriter::Writing BIF to file : D:/VitisWorkspace/full_fft_system/Debug/system.bif
TRACE::2020-10-28.21:12:39::SCWBifWriter::Writing the Zynq Baremetal bif 
TRACE::2020-10-28.21:36:58::SCWBifWriter::Found the complete platform D:/VitisWorkspace/fft_dma/export/fft_dma/fft_dma.xpfm
TRACE::2020-10-28.21:36:58::SCWBifWriter::hardware databse : minized_petalinux_wrapper_24
TRACE::2020-10-28.21:36:58::SCWBifWriter::bitstream found in the design
TRACE::2020-10-28.21:36:58::SCWBifWriter::Found a baremetal domain, proc: ps7_cortexa9_0
TRACE::2020-10-28.21:36:58::SCWBifWriter::proc type : 
TRACE::2020-10-28.21:36:58::SCWBifWriter::proc[0] : ps7_cortexa9_0
TRACE::2020-10-28.21:36:58::SCWBifWriter::Device type is : zynq
TRACE::2020-10-28.21:36:58::SCWBifWriter::Writing BIF to file : D:/VitisWorkspace/full_fft_system/Debug/system.bif
TRACE::2020-10-28.21:36:58::SCWBifWriter::Writing the Zynq Baremetal bif 
TRACE::2020-11-01.12:51:23::SCWBifWriter::Found the complete platform D:/VitisWorkspace/fft_dma/export/fft_dma/fft_dma.xpfm
TRACE::2020-11-01.12:51:23::SCWBifWriter::hardware databse : minized_petalinux_wrapper_0
TRACE::2020-11-01.12:51:23::SCWBifWriter::bitstream found in the design
TRACE::2020-11-01.12:51:23::SCWBifWriter::Found a baremetal domain, proc: ps7_cortexa9_0
TRACE::2020-11-01.12:51:23::SCWBifWriter::proc type : 
TRACE::2020-11-01.12:51:23::SCWBifWriter::proc[0] : ps7_cortexa9_0
TRACE::2020-11-01.12:51:23::SCWBifWriter::Device type is : zynq
TRACE::2020-11-01.12:51:23::SCWBifWriter::Writing BIF to file : D:/VitisWorkspace/full_fft_system/Debug/system.bif
TRACE::2020-11-01.12:51:23::SCWBifWriter::Writing the Zynq Baremetal bif 
TRACE::2020-11-01.16:44:28::SCWBifWriter::Found the complete platform D:/VitisWorkspace/fft_dma/export/fft_dma/fft_dma.xpfm
TRACE::2020-11-01.16:44:28::SCWBifWriter::hardware databse : minized_petalinux_wrapper_16
TRACE::2020-11-01.16:44:28::SCWBifWriter::bitstream found in the design
TRACE::2020-11-01.16:44:28::SCWBifWriter::Found a baremetal domain, proc: ps7_cortexa9_0
TRACE::2020-11-01.16:44:28::SCWBifWriter::proc type : 
TRACE::2020-11-01.16:44:28::SCWBifWriter::proc[0] : ps7_cortexa9_0
TRACE::2020-11-01.16:44:28::SCWBifWriter::Device type is : zynq
TRACE::2020-11-01.16:44:28::SCWBifWriter::Writing BIF to file : D:/VitisWorkspace/full_fft_system/Debug/system.bif
TRACE::2020-11-01.16:44:28::SCWBifWriter::Writing the Zynq Baremetal bif 
TRACE::2020-11-01.19:43:08::SCWBifWriter::Found the complete platform D:/VitisWorkspace/fft_dma/export/fft_dma/fft_dma.xpfm
TRACE::2020-11-01.19:43:09::SCWBifWriter::hardware databse : minized_petalinux_wrapper_36
TRACE::2020-11-01.19:43:09::SCWBifWriter::bitstream found in the design
TRACE::2020-11-01.19:43:09::SCWBifWriter::Found a baremetal domain, proc: ps7_cortexa9_0
TRACE::2020-11-01.19:43:09::SCWBifWriter::proc type : 
TRACE::2020-11-01.19:43:09::SCWBifWriter::proc[0] : ps7_cortexa9_0
TRACE::2020-11-01.19:43:09::SCWBifWriter::Device type is : zynq
TRACE::2020-11-01.19:43:09::SCWBifWriter::Writing BIF to file : D:/VitisWorkspace/full_fft_system/Debug/system.bif
TRACE::2020-11-01.19:43:09::SCWBifWriter::Writing the Zynq Baremetal bif 
