
*** Running vivado
    with args -log minized_petalinux_xfft_0_1.vds -m64 -product Vivado -mode batch -messageDb vivado.pb -notrace -source minized_petalinux_xfft_0_1.tcl


****** Vivado v2019.2 (64-bit)
  **** SW Build 2708876 on Wed Nov  6 21:40:23 MST 2019
  **** IP Build 2700528 on Thu Nov  7 00:09:20 MST 2019
    ** Copyright 1986-2019 Xilinx, Inc. All Rights Reserved.

source minized_petalinux_xfft_0_1.tcl -notrace
INFO: [IP_Flow 19-234] Refreshing IP repositories
INFO: [IP_Flow 19-1700] Loaded user IP repository 'd:/VivadoProjects/ip_repo/sampler_with_stream_1.0'.
INFO: [IP_Flow 19-1700] Loaded user IP repository 'd:/VivadoProjects/ip_repo/AXI_master_and_slave_1.0'.
INFO: [IP_Flow 19-1700] Loaded user IP repository 'd:/VivadoProjects/ip_repo/AD1_sampler_1.0'.
WARNING: [IP_Flow 19-2248] Failed to load user IP repository 'd:/VivadoProjects/ip_repo/myip_1.0'; Can't find the specified path.
If this directory should no longer be in your list of user repositories, go to the IP Settings dialog and remove it.
WARNING: [IP_Flow 19-2207] Repository 'd:/VivadoProjects/ip_repo/AD1_sampler_1.0' already exists; ignoring attempt to add it again.
INFO: [IP_Flow 19-1700] Loaded user IP repository 'd:/VivadoProjects/ip_repo/AD1_sampler_1.0'.
INFO: [IP_Flow 19-1700] Loaded user IP repository 'e:/Project/hdl/IP'.
INFO: [IP_Flow 19-2313] Loaded Vivado IP repository 'D:/Xilinx/Vivado/2019.2/data/ip'.
Command: synth_design -top minized_petalinux_xfft_0_1 -part xc7z007sclg225-1 -mode out_of_context
Starting synth_design
Attempting to get a license for feature 'Synthesis' and/or device 'xc7z007s'
INFO: [Common 17-349] Got license for feature 'Synthesis' and/or device 'xc7z007s'
INFO: [Device 21-403] Loading part xc7z007sclg225-1
INFO: Launching helper process for spawning children vivado processes
INFO: Helper process launched with PID 38700 
---------------------------------------------------------------------------------
Starting RTL Elaboration : Time (s): cpu = 00:00:10 ; elapsed = 00:00:16 . Memory (MB): peak = 1090.164 ; gain = 234.617
---------------------------------------------------------------------------------
INFO: [Synth 8-638] synthesizing module 'minized_petalinux_xfft_0_1' [d:/VivadoProjects/fft_system/fft_system.srcs/sources_1/bd/minized_petalinux/ip/minized_petalinux_xfft_0_1/synth/minized_petalinux_xfft_0_1.vhd:79]
	Parameter C_XDEVICEFAMILY bound to: zynq - type: string 
	Parameter C_S_AXIS_CONFIG_TDATA_WIDTH bound to: 16 - type: integer 
	Parameter C_S_AXIS_DATA_TDATA_WIDTH bound to: 32 - type: integer 
	Parameter C_M_AXIS_DATA_TDATA_WIDTH bound to: 32 - type: integer 
	Parameter C_M_AXIS_DATA_TUSER_WIDTH bound to: 1 - type: integer 
	Parameter C_M_AXIS_STATUS_TDATA_WIDTH bound to: 1 - type: integer 
	Parameter C_THROTTLE_SCHEME bound to: 0 - type: integer 
	Parameter C_CHANNELS bound to: 1 - type: integer 
	Parameter C_NFFT_MAX bound to: 10 - type: integer 
	Parameter C_ARCH bound to: 1 - type: integer 
	Parameter C_HAS_NFFT bound to: 0 - type: integer 
	Parameter C_USE_FLT_PT bound to: 0 - type: integer 
	Parameter C_INPUT_WIDTH bound to: 16 - type: integer 
	Parameter C_TWIDDLE_WIDTH bound to: 16 - type: integer 
	Parameter C_OUTPUT_WIDTH bound to: 16 - type: integer 
	Parameter C_HAS_SCALING bound to: 1 - type: integer 
	Parameter C_HAS_BFP bound to: 0 - type: integer 
	Parameter C_HAS_ROUNDING bound to: 1 - type: integer 
	Parameter C_HAS_ACLKEN bound to: 0 - type: integer 
	Parameter C_HAS_ARESETN bound to: 0 - type: integer 
	Parameter C_HAS_OVFLO bound to: 0 - type: integer 
	Parameter C_HAS_NATURAL_INPUT bound to: 1 - type: integer 
	Parameter C_HAS_NATURAL_OUTPUT bound to: 1 - type: integer 
	Parameter C_HAS_CYCLIC_PREFIX bound to: 0 - type: integer 
	Parameter C_HAS_XK_INDEX bound to: 0 - type: integer 
	Parameter C_DATA_MEM_TYPE bound to: 1 - type: integer 
	Parameter C_TWIDDLE_MEM_TYPE bound to: 1 - type: integer 
	Parameter C_BRAM_STAGES bound to: 0 - type: integer 
	Parameter C_REORDER_MEM_TYPE bound to: 1 - type: integer 
	Parameter C_USE_HYBRID_RAM bound to: 0 - type: integer 
	Parameter C_OPTIMIZE_GOAL bound to: 0 - type: integer 
	Parameter C_CMPY_TYPE bound to: 1 - type: integer 
	Parameter C_BFLY_TYPE bound to: 0 - type: integer 
INFO: [Synth 8-3491] module 'xfft_v9_1_3' declared at 'd:/VivadoProjects/fft_system/fft_system.srcs/sources_1/bd/minized_petalinux/ipshared/c56c/hdl/xfft_v9_1_vh_rfs.vhd:103146' bound to instance 'U0' of component 'xfft_v9_1_3' [d:/VivadoProjects/fft_system/fft_system.srcs/sources_1/bd/minized_petalinux/ip/minized_petalinux_xfft_0_1/synth/minized_petalinux_xfft_0_1.vhd:194]
INFO: [Synth 8-256] done synthesizing module 'minized_petalinux_xfft_0_1' (57#1) [d:/VivadoProjects/fft_system/fft_system.srcs/sources_1/bd/minized_petalinux/ip/minized_petalinux_xfft_0_1/synth/minized_petalinux_xfft_0_1.vhd:79]
WARNING: [Synth 8-3331] design mux_bus4__parameterized3 has unconnected port LUT_SCLR
WARNING: [Synth 8-3331] design mux_bus4__parameterized1 has unconnected port LUT_SCLR
WARNING: [Synth 8-3331] design c_addsub_v12_0_14_lut6_legacy__parameterized19 has unconnected port clk
WARNING: [Synth 8-3331] design c_addsub_v12_0_14_lut6_legacy__parameterized19 has unconnected port add
WARNING: [Synth 8-3331] design c_addsub_v12_0_14_lut6_legacy__parameterized19 has unconnected port c_in
WARNING: [Synth 8-3331] design c_addsub_v12_0_14_lut6_legacy__parameterized19 has unconnected port ce
WARNING: [Synth 8-3331] design c_addsub_v12_0_14_lut6_legacy__parameterized19 has unconnected port bypass
WARNING: [Synth 8-3331] design c_addsub_v12_0_14_lut6_legacy__parameterized19 has unconnected port aclr
WARNING: [Synth 8-3331] design c_addsub_v12_0_14_lut6_legacy__parameterized19 has unconnected port aset
WARNING: [Synth 8-3331] design c_addsub_v12_0_14_lut6_legacy__parameterized19 has unconnected port ainit
WARNING: [Synth 8-3331] design c_addsub_v12_0_14_lut6_legacy__parameterized19 has unconnected port sclr
WARNING: [Synth 8-3331] design c_addsub_v12_0_14_lut6_legacy__parameterized19 has unconnected port sset
WARNING: [Synth 8-3331] design c_addsub_v12_0_14_lut6_legacy__parameterized19 has unconnected port sinit
WARNING: [Synth 8-3331] design c_addsub_v12_0_14_legacy__parameterized19 has unconnected port c_in
WARNING: [Synth 8-3331] design c_addsub_v12_0_14_legacy__parameterized19 has unconnected port b_in
WARNING: [Synth 8-3331] design c_addsub_v12_0_14_legacy__parameterized19 has unconnected port a_signed
WARNING: [Synth 8-3331] design c_addsub_v12_0_14_legacy__parameterized19 has unconnected port b_signed
WARNING: [Synth 8-3331] design c_addsub_v12_0_14_viv__parameterized10 has unconnected port C_IN
WARNING: [Synth 8-3331] design shift_ram__parameterized21 has unconnected port Q1
WARNING: [Synth 8-3331] design shift_ram__parameterized21 has unconnected port D1
WARNING: [Synth 8-3331] design shift_ram__parameterized21 has unconnected port COMBI_SCLR
WARNING: [Synth 8-3331] design shift_ram__parameterized21 has unconnected port DEPTHx2
WARNING: [Synth 8-3331] design logic_gate__parameterized0 has unconnected port clk
WARNING: [Synth 8-3331] design logic_gate__parameterized0 has unconnected port ce
WARNING: [Synth 8-3331] design logic_gate has unconnected port clk
WARNING: [Synth 8-3331] design logic_gate has unconnected port ce
WARNING: [Synth 8-3331] design mux_bus4__parameterized2 has unconnected port LUT_SCLR
WARNING: [Synth 8-3331] design c_reg_fd_v12_0_6_viv__parameterized7 has unconnected port AINIT
WARNING: [Synth 8-3331] design c_reg_fd_v12_0_6_viv__parameterized7 has unconnected port ACLR
WARNING: [Synth 8-3331] design c_reg_fd_v12_0_6_viv__parameterized7 has unconnected port ASET
WARNING: [Synth 8-3331] design c_reg_fd_v12_0_6_viv__parameterized7 has unconnected port SINIT
WARNING: [Synth 8-3331] design c_reg_fd_v12_0_6_viv__parameterized7 has unconnected port SCLR
WARNING: [Synth 8-3331] design c_reg_fd_v12_0_6_viv__parameterized7 has unconnected port SSET
WARNING: [Synth 8-3331] design c_addsub_v12_0_14_lut6_legacy__parameterized17 has unconnected port add
WARNING: [Synth 8-3331] design c_addsub_v12_0_14_lut6_legacy__parameterized17 has unconnected port c_in
WARNING: [Synth 8-3331] design c_addsub_v12_0_14_lut6_legacy__parameterized17 has unconnected port bypass
WARNING: [Synth 8-3331] design c_addsub_v12_0_14_lut6_legacy__parameterized17 has unconnected port sclr
WARNING: [Synth 8-3331] design c_addsub_v12_0_14_lut6_legacy__parameterized17 has unconnected port sset
WARNING: [Synth 8-3331] design c_addsub_v12_0_14_lut6_legacy__parameterized17 has unconnected port sinit
WARNING: [Synth 8-3331] design c_addsub_v12_0_14_legacy__parameterized17 has unconnected port c_in
WARNING: [Synth 8-3331] design c_addsub_v12_0_14_legacy__parameterized17 has unconnected port b_in
WARNING: [Synth 8-3331] design c_addsub_v12_0_14_legacy__parameterized17 has unconnected port a_signed
WARNING: [Synth 8-3331] design c_addsub_v12_0_14_legacy__parameterized17 has unconnected port b_signed
WARNING: [Synth 8-3331] design c_addsub_v12_0_14_viv__parameterized9 has unconnected port C_IN
WARNING: [Synth 8-3331] design c_addsub_v12_0_14_lut6_legacy__parameterized15 has unconnected port add
WARNING: [Synth 8-3331] design c_addsub_v12_0_14_lut6_legacy__parameterized15 has unconnected port c_in
WARNING: [Synth 8-3331] design c_addsub_v12_0_14_lut6_legacy__parameterized15 has unconnected port bypass
WARNING: [Synth 8-3331] design c_addsub_v12_0_14_lut6_legacy__parameterized15 has unconnected port sclr
WARNING: [Synth 8-3331] design c_addsub_v12_0_14_lut6_legacy__parameterized15 has unconnected port sset
WARNING: [Synth 8-3331] design c_addsub_v12_0_14_lut6_legacy__parameterized15 has unconnected port sinit
WARNING: [Synth 8-3331] design c_addsub_v12_0_14_legacy__parameterized15 has unconnected port c_in
WARNING: [Synth 8-3331] design c_addsub_v12_0_14_legacy__parameterized15 has unconnected port b_in
WARNING: [Synth 8-3331] design c_addsub_v12_0_14_legacy__parameterized15 has unconnected port a_signed
WARNING: [Synth 8-3331] design c_addsub_v12_0_14_legacy__parameterized15 has unconnected port b_signed
WARNING: [Synth 8-3331] design c_addsub_v12_0_14_viv__parameterized8 has unconnected port C_IN
WARNING: [Synth 8-3331] design c_reg_fd_v12_0_6_viv__parameterized5 has unconnected port AINIT
WARNING: [Synth 8-3331] design c_reg_fd_v12_0_6_viv__parameterized5 has unconnected port ACLR
WARNING: [Synth 8-3331] design c_reg_fd_v12_0_6_viv__parameterized5 has unconnected port ASET
WARNING: [Synth 8-3331] design c_reg_fd_v12_0_6_viv__parameterized5 has unconnected port SINIT
WARNING: [Synth 8-3331] design c_reg_fd_v12_0_6_viv__parameterized5 has unconnected port SCLR
WARNING: [Synth 8-3331] design c_reg_fd_v12_0_6_viv__parameterized5 has unconnected port SSET
WARNING: [Synth 8-3331] design c_addsub_v12_0_14_lut6_legacy__parameterized13 has unconnected port add
WARNING: [Synth 8-3331] design c_addsub_v12_0_14_lut6_legacy__parameterized13 has unconnected port c_in
WARNING: [Synth 8-3331] design c_addsub_v12_0_14_lut6_legacy__parameterized13 has unconnected port sclr
WARNING: [Synth 8-3331] design c_addsub_v12_0_14_lut6_legacy__parameterized13 has unconnected port sset
WARNING: [Synth 8-3331] design c_addsub_v12_0_14_lut6_legacy__parameterized13 has unconnected port sinit
WARNING: [Synth 8-3331] design c_addsub_v12_0_14_legacy__parameterized13 has unconnected port c_in
WARNING: [Synth 8-3331] design c_addsub_v12_0_14_legacy__parameterized13 has unconnected port b_in
WARNING: [Synth 8-3331] design c_addsub_v12_0_14_legacy__parameterized13 has unconnected port a_signed
WARNING: [Synth 8-3331] design c_addsub_v12_0_14_legacy__parameterized13 has unconnected port b_signed
WARNING: [Synth 8-3331] design c_addsub_v12_0_14_viv__parameterized7 has unconnected port C_IN
WARNING: [Synth 8-3331] design c_reg_fd_v12_0_6_viv__parameterized3 has unconnected port AINIT
WARNING: [Synth 8-3331] design c_reg_fd_v12_0_6_viv__parameterized3 has unconnected port ACLR
WARNING: [Synth 8-3331] design c_reg_fd_v12_0_6_viv__parameterized3 has unconnected port ASET
WARNING: [Synth 8-3331] design c_reg_fd_v12_0_6_viv__parameterized3 has unconnected port SINIT
WARNING: [Synth 8-3331] design c_reg_fd_v12_0_6_viv__parameterized3 has unconnected port SCLR
WARNING: [Synth 8-3331] design c_reg_fd_v12_0_6_viv__parameterized3 has unconnected port SSET
WARNING: [Synth 8-3331] design c_addsub_v12_0_14_lut6_legacy__parameterized11 has unconnected port add
WARNING: [Synth 8-3331] design c_addsub_v12_0_14_lut6_legacy__parameterized11 has unconnected port sclr
WARNING: [Synth 8-3331] design c_addsub_v12_0_14_lut6_legacy__parameterized11 has unconnected port sset
WARNING: [Synth 8-3331] design c_addsub_v12_0_14_lut6_legacy__parameterized11 has unconnected port sinit
WARNING: [Synth 8-3331] design c_addsub_v12_0_14_legacy__parameterized11 has unconnected port b_in
WARNING: [Synth 8-3331] design c_addsub_v12_0_14_legacy__parameterized11 has unconnected port a_signed
WARNING: [Synth 8-3331] design c_addsub_v12_0_14_legacy__parameterized11 has unconnected port b_signed
WARNING: [Synth 8-3331] design adder_bypass__parameterized0 has unconnected port CIN
WARNING: [Synth 8-3331] design c_addsub_v12_0_14_viv__parameterized6 has unconnected port C_IN
WARNING: [Synth 8-3331] design adder_bypass has unconnected port CIN
WARNING: [Synth 8-3331] design cmpy_v6_0_18_delay_line__parameterized2 has unconnected port CLK
WARNING: [Synth 8-3331] design cmpy_v6_0_18_delay_line__parameterized2 has unconnected port CE
WARNING: [Synth 8-3331] design cmpy_v6_0_18_delay_line__parameterized2 has unconnected port SCLR
WARNING: [Synth 8-3331] design mult_gen_v12_0_16_delay_line__parameterized1 has unconnected port CLK
WARNING: [Synth 8-3331] design mult_gen_v12_0_16_delay_line__parameterized1 has unconnected port CE
WARNING: [Synth 8-3331] design mult_gen_v12_0_16_delay_line__parameterized1 has unconnected port SCLR
WARNING: [Synth 8-3331] design mult_gen_v12_0_16_delay_line__parameterized0 has unconnected port SCLR
WARNING: [Synth 8-3331] design mult_gen_v12_0_16_delay_line has unconnected port SCLR
WARNING: [Synth 8-3331] design dsp__parameterized1 has unconnected port SUBTRACT
WARNING: [Synth 8-3331] design dsp__parameterized1 has unconnected port CARRY_IN
WARNING: [Synth 8-3331] design cmpy_v6_0_18_delay_line__parameterized0 has unconnected port CLK
WARNING: [Synth 8-3331] design cmpy_v6_0_18_delay_line__parameterized0 has unconnected port CE
WARNING: [Synth 8-3331] design cmpy_v6_0_18_delay_line__parameterized0 has unconnected port SCLR
INFO: [Common 17-14] Message 'Synth 8-3331' appears 100 times and further instances of the messages will be disabled. Use the Tcl command set_msg_config to change the current settings.
---------------------------------------------------------------------------------
Finished RTL Elaboration : Time (s): cpu = 00:00:52 ; elapsed = 00:01:00 . Memory (MB): peak = 1870.805 ; gain = 1015.258
---------------------------------------------------------------------------------

Report Check Netlist: 
+------+------------------+-------+---------+-------+------------------+
|      |Item              |Errors |Warnings |Status |Description       |
+------+------------------+-------+---------+-------+------------------+
|1     |multi_driven_nets |      0|        0|Passed |Multi driven nets |
+------+------------------+-------+---------+-------+------------------+
---------------------------------------------------------------------------------
Start Handling Custom Attributes
---------------------------------------------------------------------------------
---------------------------------------------------------------------------------
Finished Handling Custom Attributes : Time (s): cpu = 00:00:52 ; elapsed = 00:01:01 . Memory (MB): peak = 1870.805 ; gain = 1015.258
---------------------------------------------------------------------------------
---------------------------------------------------------------------------------
Finished RTL Optimization Phase 1 : Time (s): cpu = 00:00:52 ; elapsed = 00:01:01 . Memory (MB): peak = 1870.805 ; gain = 1015.258
---------------------------------------------------------------------------------
Netlist sorting complete. Time (s): cpu = 00:00:00 ; elapsed = 00:00:00.293 . Memory (MB): peak = 1870.805 ; gain = 0.000
INFO: [Netlist 29-17] Analyzing 1273 Unisim elements for replacement
INFO: [Netlist 29-28] Unisim Transformation completed in 0 CPU seconds
INFO: [Project 1-570] Preparing netlist for logic optimization

Processing XDC Constraints
Initializing timing engine
Parsing XDC File [d:/VivadoProjects/fft_system/fft_system.srcs/sources_1/bd/minized_petalinux/ip/minized_petalinux_xfft_0_1/minized_petalinux_xfft_0_1_ooc.xdc] for cell 'U0'
Finished Parsing XDC File [d:/VivadoProjects/fft_system/fft_system.srcs/sources_1/bd/minized_petalinux/ip/minized_petalinux_xfft_0_1/minized_petalinux_xfft_0_1_ooc.xdc] for cell 'U0'
Parsing XDC File [D:/VivadoProjects/fft_system/fft_system.runs/minized_petalinux_xfft_0_1_synth_1/dont_touch.xdc]
Finished Parsing XDC File [D:/VivadoProjects/fft_system/fft_system.runs/minized_petalinux_xfft_0_1_synth_1/dont_touch.xdc]
Completed Processing XDC Constraints

Netlist sorting complete. Time (s): cpu = 00:00:00 ; elapsed = 00:00:00.005 . Memory (MB): peak = 1870.805 ; gain = 0.000
INFO: [Project 1-111] Unisim Transformation Summary:
  A total of 170 instances were transformed.
  FDE => FDRE: 170 instances

Constraint Validation Runtime : Time (s): cpu = 00:00:00 ; elapsed = 00:00:00.184 . Memory (MB): peak = 1870.805 ; gain = 0.000
---------------------------------------------------------------------------------
Finished Constraint Validation : Time (s): cpu = 00:01:02 ; elapsed = 00:01:11 . Memory (MB): peak = 1870.805 ; gain = 1015.258
---------------------------------------------------------------------------------
---------------------------------------------------------------------------------
Start Loading Part and Timing Information
---------------------------------------------------------------------------------
Loading part: xc7z007sclg225-1
---------------------------------------------------------------------------------
Finished Loading Part and Timing Information : Time (s): cpu = 00:01:02 ; elapsed = 00:01:11 . Memory (MB): peak = 1870.805 ; gain = 1015.258
---------------------------------------------------------------------------------
---------------------------------------------------------------------------------
Start Applying 'set_property' XDC Constraints
---------------------------------------------------------------------------------
Applied set_property DONT_TOUCH = true for U0. (constraint file  D:/VivadoProjects/fft_system/fft_system.runs/minized_petalinux_xfft_0_1_synth_1/dont_touch.xdc, line 9).
---------------------------------------------------------------------------------
Finished applying 'set_property' XDC Constraints : Time (s): cpu = 00:01:02 ; elapsed = 00:01:11 . Memory (MB): peak = 1870.805 ; gain = 1015.258
---------------------------------------------------------------------------------
INFO: [Synth 8-7031] Trying to map ROM "half_sincos_table" into Block RAM due to explicit "ram_style" or "rom_style" specification
INFO: [Synth 8-7031] Trying to map ROM "half_sincos_table" into Block RAM due to explicit "ram_style" or "rom_style" specification
---------------------------------------------------------------------------------
Finished RTL Optimization Phase 2 : Time (s): cpu = 00:01:05 ; elapsed = 00:01:15 . Memory (MB): peak = 1870.805 ; gain = 1015.258
---------------------------------------------------------------------------------

Report RTL Partitions: 
+-+--------------+------------+----------+
| |RTL Partition |Replication |Instances |
+-+--------------+------------+----------+
+-+--------------+------------+----------+
---------------------------------------------------------------------------------
Start RTL Component Statistics 
---------------------------------------------------------------------------------
---------------------------------------------------------------------------------
Finished RTL Component Statistics 
---------------------------------------------------------------------------------
---------------------------------------------------------------------------------
Start RTL Hierarchical Component Statistics 
---------------------------------------------------------------------------------
---------------------------------------------------------------------------------
Finished RTL Hierarchical Component Statistics
---------------------------------------------------------------------------------
---------------------------------------------------------------------------------
Start Part Resource Summary
---------------------------------------------------------------------------------
Part Resources:
DSPs: 66 (col length:40)
BRAMs: 100 (col length: RAMB18 40 RAMB36 20)
---------------------------------------------------------------------------------
Finished Part Resource Summary
---------------------------------------------------------------------------------
---------------------------------------------------------------------------------
Start Cross Boundary and Area Optimization
---------------------------------------------------------------------------------
Warning: Parallel synthesis criteria is not met 
INFO: [Synth 8-3332] Sequential element (xfft_inst/non_floating_point.arch_b.xfft_inst/control/delay_line_for_xk_index/no_sclr_lut.real_shift_ram.use_baseblock.use_hlutnm_srls.srl_loop[0].i_fdre0) is unused and will be removed from module xfft_v9_1_3_viv.
INFO: [Synth 8-3332] Sequential element (xfft_inst/non_floating_point.arch_b.xfft_inst/control/delay_line_for_xk_index/no_sclr_lut.real_shift_ram.use_baseblock.use_hlutnm_srls.srl_loop[0].i_fdre1) is unused and will be removed from module xfft_v9_1_3_viv.
INFO: [Synth 8-3332] Sequential element (xfft_inst/non_floating_point.arch_b.xfft_inst/control/delay_line_for_xk_index/no_sclr_lut.real_shift_ram.use_baseblock.use_hlutnm_srls.srl_loop[1].i_fdre0) is unused and will be removed from module xfft_v9_1_3_viv.
INFO: [Synth 8-3332] Sequential element (xfft_inst/non_floating_point.arch_b.xfft_inst/control/delay_line_for_xk_index/no_sclr_lut.real_shift_ram.use_baseblock.use_hlutnm_srls.srl_loop[1].i_fdre1) is unused and will be removed from module xfft_v9_1_3_viv.
INFO: [Synth 8-3332] Sequential element (xfft_inst/non_floating_point.arch_b.xfft_inst/control/delay_line_for_xk_index/no_sclr_lut.real_shift_ram.use_baseblock.use_hlutnm_srls.srl_loop[2].i_fdre0) is unused and will be removed from module xfft_v9_1_3_viv.
INFO: [Synth 8-3332] Sequential element (xfft_inst/non_floating_point.arch_b.xfft_inst/control/delay_line_for_xk_index/no_sclr_lut.real_shift_ram.use_baseblock.use_hlutnm_srls.srl_loop[2].i_fdre1) is unused and will be removed from module xfft_v9_1_3_viv.
INFO: [Synth 8-3332] Sequential element (xfft_inst/non_floating_point.arch_b.xfft_inst/control/delay_line_for_xk_index/no_sclr_lut.real_shift_ram.use_baseblock.use_hlutnm_srls.srl_loop[3].i_fdre0) is unused and will be removed from module xfft_v9_1_3_viv.
INFO: [Synth 8-3332] Sequential element (xfft_inst/non_floating_point.arch_b.xfft_inst/control/delay_line_for_xk_index/no_sclr_lut.real_shift_ram.use_baseblock.use_hlutnm_srls.srl_loop[3].i_fdre1) is unused and will be removed from module xfft_v9_1_3_viv.
INFO: [Synth 8-3332] Sequential element (xfft_inst/non_floating_point.arch_b.xfft_inst/control/delay_line_for_xk_index/no_sclr_lut.real_shift_ram.use_baseblock.use_hlutnm_srls.srl_loop[4].i_fdre0) is unused and will be removed from module xfft_v9_1_3_viv.
INFO: [Synth 8-3332] Sequential element (xfft_inst/non_floating_point.arch_b.xfft_inst/control/delay_line_for_xk_index/no_sclr_lut.real_shift_ram.use_baseblock.use_hlutnm_srls.srl_loop[4].i_fdre1) is unused and will be removed from module xfft_v9_1_3_viv.
INFO: [Synth 8-3332] Sequential element (xfft_inst/non_floating_point.arch_b.xfft_inst/single_channel.datapath/pe/scaler_gen.scaler_0r/scale_mux/four_inputs.use_lut6.no_lut_sclr.four_to_one_mux[24].latency1.reg) is unused and will be removed from module xfft_v9_1_3_viv.
INFO: [Synth 8-3332] Sequential element (xfft_inst/non_floating_point.arch_b.xfft_inst/single_channel.datapath/pe/scaler_gen.scaler_0r/scale_mux/four_inputs.use_lut6.no_lut_sclr.four_to_one_mux[23].latency1.reg) is unused and will be removed from module xfft_v9_1_3_viv.
INFO: [Synth 8-3332] Sequential element (xfft_inst/non_floating_point.arch_b.xfft_inst/single_channel.datapath/pe/scaler_gen.scaler_0r/scale_mux/four_inputs.use_lut6.no_lut_sclr.four_to_one_mux[22].latency1.reg) is unused and will be removed from module xfft_v9_1_3_viv.
INFO: [Synth 8-3332] Sequential element (xfft_inst/non_floating_point.arch_b.xfft_inst/single_channel.datapath/pe/scaler_gen.scaler_0i/scale_mux/four_inputs.use_lut6.no_lut_sclr.four_to_one_mux[24].latency1.reg) is unused and will be removed from module xfft_v9_1_3_viv.
INFO: [Synth 8-3332] Sequential element (xfft_inst/non_floating_point.arch_b.xfft_inst/single_channel.datapath/pe/scaler_gen.scaler_0i/scale_mux/four_inputs.use_lut6.no_lut_sclr.four_to_one_mux[23].latency1.reg) is unused and will be removed from module xfft_v9_1_3_viv.
INFO: [Synth 8-3332] Sequential element (xfft_inst/non_floating_point.arch_b.xfft_inst/single_channel.datapath/pe/scaler_gen.scaler_0i/scale_mux/four_inputs.use_lut6.no_lut_sclr.four_to_one_mux[22].latency1.reg) is unused and will be removed from module xfft_v9_1_3_viv.
INFO: [Synth 8-3332] Sequential element (xfft_inst/non_floating_point.arch_b.xfft_inst/single_channel.datapath/pe/scaler_gen.scaler_1r/scale_mux/four_inputs.use_lut6.no_lut_sclr.four_to_one_mux[24].latency1.reg) is unused and will be removed from module xfft_v9_1_3_viv.
INFO: [Synth 8-3332] Sequential element (xfft_inst/non_floating_point.arch_b.xfft_inst/single_channel.datapath/pe/scaler_gen.scaler_1r/scale_mux/four_inputs.use_lut6.no_lut_sclr.four_to_one_mux[23].latency1.reg) is unused and will be removed from module xfft_v9_1_3_viv.
INFO: [Synth 8-3332] Sequential element (xfft_inst/non_floating_point.arch_b.xfft_inst/single_channel.datapath/pe/scaler_gen.scaler_1r/scale_mux/four_inputs.use_lut6.no_lut_sclr.four_to_one_mux[22].latency1.reg) is unused and will be removed from module xfft_v9_1_3_viv.
INFO: [Synth 8-3332] Sequential element (xfft_inst/non_floating_point.arch_b.xfft_inst/single_channel.datapath/pe/scaler_gen.scaler_1i/scale_mux/four_inputs.use_lut6.no_lut_sclr.four_to_one_mux[24].latency1.reg) is unused and will be removed from module xfft_v9_1_3_viv.
INFO: [Synth 8-3332] Sequential element (xfft_inst/non_floating_point.arch_b.xfft_inst/single_channel.datapath/pe/scaler_gen.scaler_1i/scale_mux/four_inputs.use_lut6.no_lut_sclr.four_to_one_mux[23].latency1.reg) is unused and will be removed from module xfft_v9_1_3_viv.
INFO: [Synth 8-3332] Sequential element (xfft_inst/non_floating_point.arch_b.xfft_inst/single_channel.datapath/pe/scaler_gen.scaler_1i/scale_mux/four_inputs.use_lut6.no_lut_sclr.four_to_one_mux[22].latency1.reg) is unused and will be removed from module xfft_v9_1_3_viv.
INFO: [Synth 8-3332] Sequential element (xfft_inst/non_floating_point.arch_b.xfft_inst/single_channel.datapath/pe/scaler_gen.scaler_2r/scale_mux/four_inputs.use_lut6.no_lut_sclr.four_to_one_mux[24].latency1.reg) is unused and will be removed from module xfft_v9_1_3_viv.
INFO: [Synth 8-3332] Sequential element (xfft_inst/non_floating_point.arch_b.xfft_inst/single_channel.datapath/pe/scaler_gen.scaler_2r/scale_mux/four_inputs.use_lut6.no_lut_sclr.four_to_one_mux[23].latency1.reg) is unused and will be removed from module xfft_v9_1_3_viv.
INFO: [Synth 8-3332] Sequential element (xfft_inst/non_floating_point.arch_b.xfft_inst/single_channel.datapath/pe/scaler_gen.scaler_2r/scale_mux/four_inputs.use_lut6.no_lut_sclr.four_to_one_mux[22].latency1.reg) is unused and will be removed from module xfft_v9_1_3_viv.
INFO: [Synth 8-3332] Sequential element (xfft_inst/non_floating_point.arch_b.xfft_inst/single_channel.datapath/pe/scaler_gen.scaler_2i/scale_mux/four_inputs.use_lut6.no_lut_sclr.four_to_one_mux[24].latency1.reg) is unused and will be removed from module xfft_v9_1_3_viv.
INFO: [Synth 8-3332] Sequential element (xfft_inst/non_floating_point.arch_b.xfft_inst/single_channel.datapath/pe/scaler_gen.scaler_2i/scale_mux/four_inputs.use_lut6.no_lut_sclr.four_to_one_mux[23].latency1.reg) is unused and will be removed from module xfft_v9_1_3_viv.
INFO: [Synth 8-3332] Sequential element (xfft_inst/non_floating_point.arch_b.xfft_inst/single_channel.datapath/pe/scaler_gen.scaler_2i/scale_mux/four_inputs.use_lut6.no_lut_sclr.four_to_one_mux[22].latency1.reg) is unused and will be removed from module xfft_v9_1_3_viv.
INFO: [Synth 8-3332] Sequential element (xfft_inst/non_floating_point.arch_b.xfft_inst/single_channel.datapath/pe/scaler_gen.scaler_3r/scale_mux/four_inputs.use_lut6.no_lut_sclr.four_to_one_mux[24].latency1.reg) is unused and will be removed from module xfft_v9_1_3_viv.
INFO: [Synth 8-3332] Sequential element (xfft_inst/non_floating_point.arch_b.xfft_inst/single_channel.datapath/pe/scaler_gen.scaler_3r/scale_mux/four_inputs.use_lut6.no_lut_sclr.four_to_one_mux[23].latency1.reg) is unused and will be removed from module xfft_v9_1_3_viv.
INFO: [Synth 8-3332] Sequential element (xfft_inst/non_floating_point.arch_b.xfft_inst/single_channel.datapath/pe/scaler_gen.scaler_3r/scale_mux/four_inputs.use_lut6.no_lut_sclr.four_to_one_mux[22].latency1.reg) is unused and will be removed from module xfft_v9_1_3_viv.
INFO: [Synth 8-3332] Sequential element (xfft_inst/non_floating_point.arch_b.xfft_inst/single_channel.datapath/pe/scaler_gen.scaler_3i/scale_mux/four_inputs.use_lut6.no_lut_sclr.four_to_one_mux[24].latency1.reg) is unused and will be removed from module xfft_v9_1_3_viv.
INFO: [Synth 8-3332] Sequential element (xfft_inst/non_floating_point.arch_b.xfft_inst/single_channel.datapath/pe/scaler_gen.scaler_3i/scale_mux/four_inputs.use_lut6.no_lut_sclr.four_to_one_mux[23].latency1.reg) is unused and will be removed from module xfft_v9_1_3_viv.
INFO: [Synth 8-3332] Sequential element (xfft_inst/non_floating_point.arch_b.xfft_inst/single_channel.datapath/pe/scaler_gen.scaler_3i/scale_mux/four_inputs.use_lut6.no_lut_sclr.four_to_one_mux[22].latency1.reg) is unused and will be removed from module xfft_v9_1_3_viv.
INFO: [Synth 8-3332] Sequential element (xfft_inst/non_floating_point.arch_b.xfft_inst/single_channel.datapath/pe/rounder_inst.with_mults.rounder_0r/reg_gate.delay_d_2/no_sclr_lut.real_shift_ram.use_baseblock.use_hlutnm_srls.srl_loop[0].i_fdre0) is unused and will be removed from module xfft_v9_1_3_viv.
INFO: [Synth 8-3332] Sequential element (xfft_inst/non_floating_point.arch_b.xfft_inst/single_channel.datapath/pe/rounder_inst.with_mults.rounder_0i/reg_gate.delay_d_2/no_sclr_lut.real_shift_ram.use_baseblock.use_hlutnm_srls.srl_loop[0].i_fdre0) is unused and will be removed from module xfft_v9_1_3_viv.
INFO: [Synth 8-3332] Sequential element (xfft_inst/non_floating_point.arch_b.xfft_inst/single_channel.datapath/pe/rounder_inst.with_mults.rounder_1r/reg_gate.delay_d_2/no_sclr_lut.real_shift_ram.use_baseblock.use_hlutnm_srls.srl_loop[0].i_fdre0) is unused and will be removed from module xfft_v9_1_3_viv.
INFO: [Synth 8-3332] Sequential element (xfft_inst/non_floating_point.arch_b.xfft_inst/single_channel.datapath/pe/rounder_inst.with_mults.rounder_1i/reg_gate.delay_d_2/no_sclr_lut.real_shift_ram.use_baseblock.use_hlutnm_srls.srl_loop[0].i_fdre0) is unused and will be removed from module xfft_v9_1_3_viv.
INFO: [Synth 8-3332] Sequential element (xfft_inst/non_floating_point.arch_b.xfft_inst/single_channel.datapath/pe/rounder_inst.with_mults.rounder_2r/reg_gate.delay_d_2/no_sclr_lut.real_shift_ram.use_baseblock.use_hlutnm_srls.srl_loop[0].i_fdre0) is unused and will be removed from module xfft_v9_1_3_viv.
INFO: [Synth 8-3332] Sequential element (xfft_inst/non_floating_point.arch_b.xfft_inst/single_channel.datapath/pe/rounder_inst.with_mults.rounder_2i/reg_gate.delay_d_2/no_sclr_lut.real_shift_ram.use_baseblock.use_hlutnm_srls.srl_loop[0].i_fdre0) is unused and will be removed from module xfft_v9_1_3_viv.
INFO: [Synth 8-3332] Sequential element (xfft_inst/non_floating_point.arch_b.xfft_inst/single_channel.datapath/pe/rounder_inst.with_mults.rounder_3r/reg_gate.delay_d_2/no_sclr_lut.real_shift_ram.use_baseblock.use_hlutnm_srls.srl_loop[0].i_fdre0) is unused and will be removed from module xfft_v9_1_3_viv.
INFO: [Synth 8-3332] Sequential element (xfft_inst/non_floating_point.arch_b.xfft_inst/single_channel.datapath/pe/rounder_inst.with_mults.rounder_3i/reg_gate.delay_d_2/no_sclr_lut.real_shift_ram.use_baseblock.use_hlutnm_srls.srl_loop[0].i_fdre0) is unused and will be removed from module xfft_v9_1_3_viv.
INFO: [Synth 8-3333] propagating constant 0 across sequential element (U0/i_synth/\xfft_inst/non_floating_point.arch_b.xfft_inst/control/twiddle_address_generator/N_MAX_P4.p4/greater_than_64.greater_than_256.mux_sel_reg[1] )
INFO: [Synth 8-3333] propagating constant 0 across sequential element (U0/i_synth/\xfft_inst/non_floating_point.arch_b.xfft_inst/control/twiddle_address_generator/N_MAX_P4.p4/greater_than_64.greater_than_256.mux_sel_reg[0] )
INFO: [Synth 8-3333] propagating constant 0 across sequential element (U0/i_synth/\xfft_inst/non_floating_point.arch_b.xfft_inst/control/twiddle_address_generator/N_MAX_P4.p4/p2_last_rk_vec_reg[0] )
INFO: [Synth 8-3333] propagating constant 0 across sequential element (U0/i_synth/\xfft_inst/non_floating_point.arch_b.xfft_inst/control/twiddle_address_generator/N_MAX_P4.p4/nor_gate[0].pre_tw2_reg[0] )
INFO: [Synth 8-3886] merging instance 'U0/i_synth/xfft_inst/non_floating_point.arch_b.xfft_inst/single_channel.datapath/pe/mult_gen.Mult2/i_cmpy/three_mult_structure.use_dsp.i_dsp48/mult3_preadder_d_minus_a.mult3/mult/use_prim.iBdelx[0].iBdely[0].need_delay_line.Bdelay/dN.std_srl.shift_reg_reg[0][16]' (FD) to 'U0/i_synth/xfft_inst/non_floating_point.arch_b.xfft_inst/single_channel.datapath/pe/mult_gen.Mult2/i_cmpy/three_mult_structure.use_dsp.i_dsp48/mult3_preadder_d_minus_a.mult3/mult/use_prim.iBdelx[0].iBdely[0].need_delay_line.Bdelay/dN.std_srl.shift_reg_reg[0][17]'
INFO: [Synth 8-3886] merging instance 'U0/i_synth/xfft_inst/non_floating_point.arch_b.xfft_inst/single_channel.datapath/pe/mult_gen.Mult1/i_cmpy/three_mult_structure.use_dsp.i_dsp48/mult3_preadder_d_minus_a.mult3/mult/use_prim.iBdelx[0].iBdely[0].need_delay_line.Bdelay/dN.std_srl.shift_reg_reg[0][16]' (FD) to 'U0/i_synth/xfft_inst/non_floating_point.arch_b.xfft_inst/single_channel.datapath/pe/mult_gen.Mult1/i_cmpy/three_mult_structure.use_dsp.i_dsp48/mult3_preadder_d_minus_a.mult3/mult/use_prim.iBdelx[0].iBdely[0].need_delay_line.Bdelay/dN.std_srl.shift_reg_reg[0][17]'
INFO: [Synth 8-3886] merging instance 'U0/i_synth/xfft_inst/non_floating_point.arch_b.xfft_inst/single_channel.datapath/pe/mult_gen.Mult3/i_cmpy/three_mult_structure.use_dsp.i_dsp48/mult3_preadder_d_minus_a.mult3/mult/use_prim.iBdelx[0].iBdely[0].need_delay_line.Bdelay/dN.std_srl.shift_reg_reg[0][16]' (FD) to 'U0/i_synth/xfft_inst/non_floating_point.arch_b.xfft_inst/single_channel.datapath/pe/mult_gen.Mult3/i_cmpy/three_mult_structure.use_dsp.i_dsp48/mult3_preadder_d_minus_a.mult3/mult/use_prim.iBdelx[0].iBdely[0].need_delay_line.Bdelay/dN.std_srl.shift_reg_reg[0][17]'
INFO: [Synth 8-3886] merging instance 'U0/i_synth/xfft_inst/non_floating_point.arch_b.xfft_inst/single_channel.datapath/pe/mult_gen.Mult3/i_cmpy/three_mult_structure.use_dsp.i_dsp48/dsp_preadder_1.reg_mult1_preadd_d/dN.std_srl.shift_reg_reg[0][15]' (FD) to 'U0/i_synth/xfft_inst/non_floating_point.arch_b.xfft_inst/single_channel.datapath/pe/mult_gen.Mult3/i_cmpy/three_mult_structure.use_dsp.i_dsp48/dsp_preadder_1.reg_mult1_preadd_d/dN.std_srl.shift_reg_reg[0][16]'
INFO: [Synth 8-3886] merging instance 'U0/i_synth/xfft_inst/non_floating_point.arch_b.xfft_inst/single_channel.datapath/pe/mult_gen.Mult3/i_cmpy/three_mult_structure.use_dsp.i_dsp48/dsp_preadder_1.reg_mult1_preadd_d/dN.std_srl.shift_reg_reg[0][16]' (FD) to 'U0/i_synth/xfft_inst/non_floating_point.arch_b.xfft_inst/single_channel.datapath/pe/mult_gen.Mult3/i_cmpy/three_mult_structure.use_dsp.i_dsp48/dsp_preadder_1.reg_mult1_preadd_d/dN.std_srl.shift_reg_reg[0][17]'
INFO: [Synth 8-3886] merging instance 'U0/i_synth/xfft_inst/non_floating_point.arch_b.xfft_inst/single_channel.datapath/pe/mult_gen.Mult3/i_cmpy/three_mult_structure.use_dsp.i_dsp48/dsp_preadder_1.reg_mult1_preadd_d/dN.std_srl.shift_reg_reg[0][17]' (FD) to 'U0/i_synth/xfft_inst/non_floating_point.arch_b.xfft_inst/single_channel.datapath/pe/mult_gen.Mult3/i_cmpy/three_mult_structure.use_dsp.i_dsp48/dsp_preadder_1.reg_mult1_preadd_d/dN.std_srl.shift_reg_reg[0][18]'
INFO: [Synth 8-3886] merging instance 'U0/i_synth/xfft_inst/non_floating_point.arch_b.xfft_inst/single_channel.datapath/pe/mult_gen.Mult3/i_cmpy/three_mult_structure.use_dsp.i_dsp48/dsp_preadder_1.reg_mult1_preadd_d/dN.std_srl.shift_reg_reg[0][18]' (FD) to 'U0/i_synth/xfft_inst/non_floating_point.arch_b.xfft_inst/single_channel.datapath/pe/mult_gen.Mult3/i_cmpy/three_mult_structure.use_dsp.i_dsp48/dsp_preadder_1.reg_mult1_preadd_d/dN.std_srl.shift_reg_reg[0][19]'
INFO: [Synth 8-3886] merging instance 'U0/i_synth/xfft_inst/non_floating_point.arch_b.xfft_inst/single_channel.datapath/pe/mult_gen.Mult3/i_cmpy/three_mult_structure.use_dsp.i_dsp48/dsp_preadder_1.reg_mult1_preadd_d/dN.std_srl.shift_reg_reg[0][19]' (FD) to 'U0/i_synth/xfft_inst/non_floating_point.arch_b.xfft_inst/single_channel.datapath/pe/mult_gen.Mult3/i_cmpy/three_mult_structure.use_dsp.i_dsp48/dsp_preadder_1.reg_mult1_preadd_d/dN.std_srl.shift_reg_reg[0][20]'
INFO: [Synth 8-3886] merging instance 'U0/i_synth/xfft_inst/non_floating_point.arch_b.xfft_inst/single_channel.datapath/pe/mult_gen.Mult3/i_cmpy/three_mult_structure.use_dsp.i_dsp48/dsp_preadder_1.reg_mult1_preadd_d/dN.std_srl.shift_reg_reg[0][20]' (FD) to 'U0/i_synth/xfft_inst/non_floating_point.arch_b.xfft_inst/single_channel.datapath/pe/mult_gen.Mult3/i_cmpy/three_mult_structure.use_dsp.i_dsp48/dsp_preadder_1.reg_mult1_preadd_d/dN.std_srl.shift_reg_reg[0][21]'
INFO: [Synth 8-3886] merging instance 'U0/i_synth/xfft_inst/non_floating_point.arch_b.xfft_inst/single_channel.datapath/pe/mult_gen.Mult3/i_cmpy/three_mult_structure.use_dsp.i_dsp48/dsp_preadder_1.reg_mult1_preadd_d/dN.std_srl.shift_reg_reg[0][21]' (FD) to 'U0/i_synth/xfft_inst/non_floating_point.arch_b.xfft_inst/single_channel.datapath/pe/mult_gen.Mult3/i_cmpy/three_mult_structure.use_dsp.i_dsp48/dsp_preadder_1.reg_mult1_preadd_d/dN.std_srl.shift_reg_reg[0][22]'
INFO: [Synth 8-3886] merging instance 'U0/i_synth/xfft_inst/non_floating_point.arch_b.xfft_inst/single_channel.datapath/pe/mult_gen.Mult3/i_cmpy/three_mult_structure.use_dsp.i_dsp48/dsp_preadder_1.reg_mult1_preadd_d/dN.std_srl.shift_reg_reg[0][22]' (FD) to 'U0/i_synth/xfft_inst/non_floating_point.arch_b.xfft_inst/single_channel.datapath/pe/mult_gen.Mult3/i_cmpy/three_mult_structure.use_dsp.i_dsp48/dsp_preadder_1.reg_mult1_preadd_d/dN.std_srl.shift_reg_reg[0][23]'
INFO: [Synth 8-3886] merging instance 'U0/i_synth/xfft_inst/non_floating_point.arch_b.xfft_inst/single_channel.datapath/pe/mult_gen.Mult3/i_cmpy/three_mult_structure.use_dsp.i_dsp48/dsp_preadder_1.reg_mult1_preadd_d/dN.std_srl.shift_reg_reg[0][23]' (FD) to 'U0/i_synth/xfft_inst/non_floating_point.arch_b.xfft_inst/single_channel.datapath/pe/mult_gen.Mult3/i_cmpy/three_mult_structure.use_dsp.i_dsp48/dsp_preadder_1.reg_mult1_preadd_d/dN.std_srl.shift_reg_reg[0][24]'
INFO: [Synth 8-3886] merging instance 'U0/i_synth/xfft_inst/non_floating_point.arch_b.xfft_inst/single_channel.datapath/pe/mult_gen.Mult3/i_cmpy/three_mult_structure.use_dsp.i_dsp48/mult1_preadder_d_plus_a.mult1/mult/use_prim.iBdelx[0].iBdely[0].need_delay_line.Bdelay/dN.std_srl.shift_reg_reg[0][16]' (FD) to 'U0/i_synth/xfft_inst/non_floating_point.arch_b.xfft_inst/single_channel.datapath/pe/mult_gen.Mult3/i_cmpy/three_mult_structure.use_dsp.i_dsp48/mult1_preadder_d_plus_a.mult1/mult/use_prim.iBdelx[0].iBdely[0].need_delay_line.Bdelay/dN.std_srl.shift_reg_reg[0][17]'
INFO: [Synth 8-3886] merging instance 'U0/i_synth/xfft_inst/non_floating_point.arch_b.xfft_inst/single_channel.datapath/pe/mult_gen.Mult1/i_cmpy/three_mult_structure.use_dsp.i_dsp48/dsp_preadder_1.reg_mult1_preadd_d/dN.std_srl.shift_reg_reg[0][15]' (FD) to 'U0/i_synth/xfft_inst/non_floating_point.arch_b.xfft_inst/single_channel.datapath/pe/mult_gen.Mult1/i_cmpy/three_mult_structure.use_dsp.i_dsp48/dsp_preadder_1.reg_mult1_preadd_d/dN.std_srl.shift_reg_reg[0][16]'
INFO: [Synth 8-3886] merging instance 'U0/i_synth/xfft_inst/non_floating_point.arch_b.xfft_inst/single_channel.datapath/pe/mult_gen.Mult1/i_cmpy/three_mult_structure.use_dsp.i_dsp48/dsp_preadder_1.reg_mult1_preadd_d/dN.std_srl.shift_reg_reg[0][16]' (FD) to 'U0/i_synth/xfft_inst/non_floating_point.arch_b.xfft_inst/single_channel.datapath/pe/mult_gen.Mult1/i_cmpy/three_mult_structure.use_dsp.i_dsp48/dsp_preadder_1.reg_mult1_preadd_d/dN.std_srl.shift_reg_reg[0][17]'
INFO: [Synth 8-3886] merging instance 'U0/i_synth/xfft_inst/non_floating_point.arch_b.xfft_inst/single_channel.datapath/pe/mult_gen.Mult1/i_cmpy/three_mult_structure.use_dsp.i_dsp48/dsp_preadder_1.reg_mult1_preadd_d/dN.std_srl.shift_reg_reg[0][17]' (FD) to 'U0/i_synth/xfft_inst/non_floating_point.arch_b.xfft_inst/single_channel.datapath/pe/mult_gen.Mult1/i_cmpy/three_mult_structure.use_dsp.i_dsp48/dsp_preadder_1.reg_mult1_preadd_d/dN.std_srl.shift_reg_reg[0][18]'
INFO: [Synth 8-3886] merging instance 'U0/i_synth/xfft_inst/non_floating_point.arch_b.xfft_inst/single_channel.datapath/pe/mult_gen.Mult1/i_cmpy/three_mult_structure.use_dsp.i_dsp48/dsp_preadder_1.reg_mult1_preadd_d/dN.std_srl.shift_reg_reg[0][18]' (FD) to 'U0/i_synth/xfft_inst/non_floating_point.arch_b.xfft_inst/single_channel.datapath/pe/mult_gen.Mult1/i_cmpy/three_mult_structure.use_dsp.i_dsp48/dsp_preadder_1.reg_mult1_preadd_d/dN.std_srl.shift_reg_reg[0][19]'
INFO: [Synth 8-3886] merging instance 'U0/i_synth/xfft_inst/non_floating_point.arch_b.xfft_inst/single_channel.datapath/pe/mult_gen.Mult1/i_cmpy/three_mult_structure.use_dsp.i_dsp48/dsp_preadder_1.reg_mult1_preadd_d/dN.std_srl.shift_reg_reg[0][19]' (FD) to 'U0/i_synth/xfft_inst/non_floating_point.arch_b.xfft_inst/single_channel.datapath/pe/mult_gen.Mult1/i_cmpy/three_mult_structure.use_dsp.i_dsp48/dsp_preadder_1.reg_mult1_preadd_d/dN.std_srl.shift_reg_reg[0][20]'
INFO: [Synth 8-3886] merging instance 'U0/i_synth/xfft_inst/non_floating_point.arch_b.xfft_inst/single_channel.datapath/pe/mult_gen.Mult1/i_cmpy/three_mult_structure.use_dsp.i_dsp48/dsp_preadder_1.reg_mult1_preadd_d/dN.std_srl.shift_reg_reg[0][20]' (FD) to 'U0/i_synth/xfft_inst/non_floating_point.arch_b.xfft_inst/single_channel.datapath/pe/mult_gen.Mult1/i_cmpy/three_mult_structure.use_dsp.i_dsp48/dsp_preadder_1.reg_mult1_preadd_d/dN.std_srl.shift_reg_reg[0][21]'
INFO: [Synth 8-3886] merging instance 'U0/i_synth/xfft_inst/non_floating_point.arch_b.xfft_inst/single_channel.datapath/pe/mult_gen.Mult1/i_cmpy/three_mult_structure.use_dsp.i_dsp48/dsp_preadder_1.reg_mult1_preadd_d/dN.std_srl.shift_reg_reg[0][21]' (FD) to 'U0/i_synth/xfft_inst/non_floating_point.arch_b.xfft_inst/single_channel.datapath/pe/mult_gen.Mult1/i_cmpy/three_mult_structure.use_dsp.i_dsp48/dsp_preadder_1.reg_mult1_preadd_d/dN.std_srl.shift_reg_reg[0][22]'
INFO: [Synth 8-3886] merging instance 'U0/i_synth/xfft_inst/non_floating_point.arch_b.xfft_inst/single_channel.datapath/pe/mult_gen.Mult1/i_cmpy/three_mult_structure.use_dsp.i_dsp48/dsp_preadder_1.reg_mult1_preadd_d/dN.std_srl.shift_reg_reg[0][22]' (FD) to 'U0/i_synth/xfft_inst/non_floating_point.arch_b.xfft_inst/single_channel.datapath/pe/mult_gen.Mult1/i_cmpy/three_mult_structure.use_dsp.i_dsp48/dsp_preadder_1.reg_mult1_preadd_d/dN.std_srl.shift_reg_reg[0][23]'
INFO: [Synth 8-3886] merging instance 'U0/i_synth/xfft_inst/non_floating_point.arch_b.xfft_inst/single_channel.datapath/pe/mult_gen.Mult1/i_cmpy/three_mult_structure.use_dsp.i_dsp48/dsp_preadder_1.reg_mult1_preadd_d/dN.std_srl.shift_reg_reg[0][23]' (FD) to 'U0/i_synth/xfft_inst/non_floating_point.arch_b.xfft_inst/single_channel.datapath/pe/mult_gen.Mult1/i_cmpy/three_mult_structure.use_dsp.i_dsp48/dsp_preadder_1.reg_mult1_preadd_d/dN.std_srl.shift_reg_reg[0][24]'
INFO: [Synth 8-3886] merging instance 'U0/i_synth/xfft_inst/non_floating_point.arch_b.xfft_inst/single_channel.datapath/pe/mult_gen.Mult1/i_cmpy/three_mult_structure.use_dsp.i_dsp48/mult1_preadder_d_plus_a.mult1/mult/use_prim.iBdelx[0].iBdely[0].need_delay_line.Bdelay/dN.std_srl.shift_reg_reg[0][16]' (FD) to 'U0/i_synth/xfft_inst/non_floating_point.arch_b.xfft_inst/single_channel.datapath/pe/mult_gen.Mult1/i_cmpy/three_mult_structure.use_dsp.i_dsp48/mult1_preadder_d_plus_a.mult1/mult/use_prim.iBdelx[0].iBdely[0].need_delay_line.Bdelay/dN.std_srl.shift_reg_reg[0][17]'
INFO: [Synth 8-3886] merging instance 'U0/i_synth/xfft_inst/non_floating_point.arch_b.xfft_inst/single_channel.datapath/pe/mult_gen.Mult2/i_cmpy/three_mult_structure.use_dsp.i_dsp48/dsp_preadder_1.reg_mult1_preadd_d/dN.std_srl.shift_reg_reg[0][15]' (FD) to 'U0/i_synth/xfft_inst/non_floating_point.arch_b.xfft_inst/single_channel.datapath/pe/mult_gen.Mult2/i_cmpy/three_mult_structure.use_dsp.i_dsp48/dsp_preadder_1.reg_mult1_preadd_d/dN.std_srl.shift_reg_reg[0][16]'
INFO: [Synth 8-3886] merging instance 'U0/i_synth/xfft_inst/non_floating_point.arch_b.xfft_inst/single_channel.datapath/pe/mult_gen.Mult2/i_cmpy/three_mult_structure.use_dsp.i_dsp48/dsp_preadder_1.reg_mult1_preadd_d/dN.std_srl.shift_reg_reg[0][16]' (FD) to 'U0/i_synth/xfft_inst/non_floating_point.arch_b.xfft_inst/single_channel.datapath/pe/mult_gen.Mult2/i_cmpy/three_mult_structure.use_dsp.i_dsp48/dsp_preadder_1.reg_mult1_preadd_d/dN.std_srl.shift_reg_reg[0][17]'
INFO: [Synth 8-3886] merging instance 'U0/i_synth/xfft_inst/non_floating_point.arch_b.xfft_inst/single_channel.datapath/pe/mult_gen.Mult2/i_cmpy/three_mult_structure.use_dsp.i_dsp48/dsp_preadder_1.reg_mult1_preadd_d/dN.std_srl.shift_reg_reg[0][17]' (FD) to 'U0/i_synth/xfft_inst/non_floating_point.arch_b.xfft_inst/single_channel.datapath/pe/mult_gen.Mult2/i_cmpy/three_mult_structure.use_dsp.i_dsp48/dsp_preadder_1.reg_mult1_preadd_d/dN.std_srl.shift_reg_reg[0][18]'
INFO: [Synth 8-3886] merging instance 'U0/i_synth/xfft_inst/non_floating_point.arch_b.xfft_inst/single_channel.datapath/pe/mult_gen.Mult2/i_cmpy/three_mult_structure.use_dsp.i_dsp48/dsp_preadder_1.reg_mult1_preadd_d/dN.std_srl.shift_reg_reg[0][18]' (FD) to 'U0/i_synth/xfft_inst/non_floating_point.arch_b.xfft_inst/single_channel.datapath/pe/mult_gen.Mult2/i_cmpy/three_mult_structure.use_dsp.i_dsp48/dsp_preadder_1.reg_mult1_preadd_d/dN.std_srl.shift_reg_reg[0][19]'
INFO: [Synth 8-3886] merging instance 'U0/i_synth/xfft_inst/non_floating_point.arch_b.xfft_inst/single_channel.datapath/pe/mult_gen.Mult2/i_cmpy/three_mult_structure.use_dsp.i_dsp48/dsp_preadder_1.reg_mult1_preadd_d/dN.std_srl.shift_reg_reg[0][19]' (FD) to 'U0/i_synth/xfft_inst/non_floating_point.arch_b.xfft_inst/single_channel.datapath/pe/mult_gen.Mult2/i_cmpy/three_mult_structure.use_dsp.i_dsp48/dsp_preadder_1.reg_mult1_preadd_d/dN.std_srl.shift_reg_reg[0][20]'
INFO: [Synth 8-3886] merging instance 'U0/i_synth/xfft_inst/non_floating_point.arch_b.xfft_inst/single_channel.datapath/pe/mult_gen.Mult2/i_cmpy/three_mult_structure.use_dsp.i_dsp48/dsp_preadder_1.reg_mult1_preadd_d/dN.std_srl.shift_reg_reg[0][20]' (FD) to 'U0/i_synth/xfft_inst/non_floating_point.arch_b.xfft_inst/single_channel.datapath/pe/mult_gen.Mult2/i_cmpy/three_mult_structure.use_dsp.i_dsp48/dsp_preadder_1.reg_mult1_preadd_d/dN.std_srl.shift_reg_reg[0][21]'
INFO: [Synth 8-3886] merging instance 'U0/i_synth/xfft_inst/non_floating_point.arch_b.xfft_inst/single_channel.datapath/pe/mult_gen.Mult2/i_cmpy/three_mult_structure.use_dsp.i_dsp48/dsp_preadder_1.reg_mult1_preadd_d/dN.std_srl.shift_reg_reg[0][21]' (FD) to 'U0/i_synth/xfft_inst/non_floating_point.arch_b.xfft_inst/single_channel.datapath/pe/mult_gen.Mult2/i_cmpy/three_mult_structure.use_dsp.i_dsp48/dsp_preadder_1.reg_mult1_preadd_d/dN.std_srl.shift_reg_reg[0][22]'
INFO: [Synth 8-3886] merging instance 'U0/i_synth/xfft_inst/non_floating_point.arch_b.xfft_inst/single_channel.datapath/pe/mult_gen.Mult2/i_cmpy/three_mult_structure.use_dsp.i_dsp48/dsp_preadder_1.reg_mult1_preadd_d/dN.std_srl.shift_reg_reg[0][22]' (FD) to 'U0/i_synth/xfft_inst/non_floating_point.arch_b.xfft_inst/single_channel.datapath/pe/mult_gen.Mult2/i_cmpy/three_mult_structure.use_dsp.i_dsp48/dsp_preadder_1.reg_mult1_preadd_d/dN.std_srl.shift_reg_reg[0][23]'
INFO: [Synth 8-3886] merging instance 'U0/i_synth/xfft_inst/non_floating_point.arch_b.xfft_inst/single_channel.datapath/pe/mult_gen.Mult2/i_cmpy/three_mult_structure.use_dsp.i_dsp48/dsp_preadder_1.reg_mult1_preadd_d/dN.std_srl.shift_reg_reg[0][23]' (FD) to 'U0/i_synth/xfft_inst/non_floating_point.arch_b.xfft_inst/single_channel.datapath/pe/mult_gen.Mult2/i_cmpy/three_mult_structure.use_dsp.i_dsp48/dsp_preadder_1.reg_mult1_preadd_d/dN.std_srl.shift_reg_reg[0][24]'
INFO: [Synth 8-3886] merging instance 'U0/i_synth/xfft_inst/non_floating_point.arch_b.xfft_inst/single_channel.datapath/pe/mult_gen.Mult2/i_cmpy/three_mult_structure.use_dsp.i_dsp48/mult1_preadder_d_plus_a.mult1/mult/use_prim.iBdelx[0].iBdely[0].need_delay_line.Bdelay/dN.std_srl.shift_reg_reg[0][16]' (FD) to 'U0/i_synth/xfft_inst/non_floating_point.arch_b.xfft_inst/single_channel.datapath/pe/mult_gen.Mult2/i_cmpy/three_mult_structure.use_dsp.i_dsp48/mult1_preadder_d_plus_a.mult1/mult/use_prim.iBdelx[0].iBdely[0].need_delay_line.Bdelay/dN.std_srl.shift_reg_reg[0][17]'
INFO: [Synth 8-3886] merging instance 'U0/i_synth/xfft_inst/non_floating_point.arch_b.xfft_inst/single_channel.datapath/pe/mult_gen.Mult2/i_cmpy/three_mult_structure.use_dsp.i_dsp48/mult3_preadder_d_minus_a.mult3/mult/use_prim.iAdelx[0].iAdely[0].use_delay_line.Adelay/d1.dout_i_reg[0]' (FD) to 'U0/i_synth/xfft_inst/non_floating_point.arch_b.xfft_inst/single_channel.datapath/pe/mult_gen.Mult2/i_cmpy/three_mult_structure.use_dsp.i_dsp48/mult1_preadder_d_plus_a.mult1/mult/use_prim.iAdelx[0].iAdely[0].use_delay_line.Adelay/d1.dout_i_reg[0]'
INFO: [Synth 8-3886] merging instance 'U0/i_synth/xfft_inst/non_floating_point.arch_b.xfft_inst/single_channel.datapath/pe/mult_gen.Mult2/i_cmpy/three_mult_structure.use_dsp.i_dsp48/mult3_preadder_d_minus_a.mult3/mult/use_prim.iAdelx[0].iAdely[0].use_delay_line.Adelay/d1.dout_i_reg[1]' (FD) to 'U0/i_synth/xfft_inst/non_floating_point.arch_b.xfft_inst/single_channel.datapath/pe/mult_gen.Mult2/i_cmpy/three_mult_structure.use_dsp.i_dsp48/mult1_preadder_d_plus_a.mult1/mult/use_prim.iAdelx[0].iAdely[0].use_delay_line.Adelay/d1.dout_i_reg[1]'
INFO: [Synth 8-3886] merging instance 'U0/i_synth/xfft_inst/non_floating_point.arch_b.xfft_inst/single_channel.datapath/pe/mult_gen.Mult2/i_cmpy/three_mult_structure.use_dsp.i_dsp48/mult3_preadder_d_minus_a.mult3/mult/use_prim.iAdelx[0].iAdely[0].use_delay_line.Adelay/d1.dout_i_reg[2]' (FD) to 'U0/i_synth/xfft_inst/non_floating_point.arch_b.xfft_inst/single_channel.datapath/pe/mult_gen.Mult2/i_cmpy/three_mult_structure.use_dsp.i_dsp48/mult1_preadder_d_plus_a.mult1/mult/use_prim.iAdelx[0].iAdely[0].use_delay_line.Adelay/d1.dout_i_reg[2]'
INFO: [Synth 8-3886] merging instance 'U0/i_synth/xfft_inst/non_floating_point.arch_b.xfft_inst/single_channel.datapath/pe/mult_gen.Mult2/i_cmpy/three_mult_structure.use_dsp.i_dsp48/mult3_preadder_d_minus_a.mult3/mult/use_prim.iAdelx[0].iAdely[0].use_delay_line.Adelay/d1.dout_i_reg[3]' (FD) to 'U0/i_synth/xfft_inst/non_floating_point.arch_b.xfft_inst/single_channel.datapath/pe/mult_gen.Mult2/i_cmpy/three_mult_structure.use_dsp.i_dsp48/mult1_preadder_d_plus_a.mult1/mult/use_prim.iAdelx[0].iAdely[0].use_delay_line.Adelay/d1.dout_i_reg[3]'
INFO: [Synth 8-3886] merging instance 'U0/i_synth/xfft_inst/non_floating_point.arch_b.xfft_inst/single_channel.datapath/pe/mult_gen.Mult2/i_cmpy/three_mult_structure.use_dsp.i_dsp48/mult3_preadder_d_minus_a.mult3/mult/use_prim.iAdelx[0].iAdely[0].use_delay_line.Adelay/d1.dout_i_reg[4]' (FD) to 'U0/i_synth/xfft_inst/non_floating_point.arch_b.xfft_inst/single_channel.datapath/pe/mult_gen.Mult2/i_cmpy/three_mult_structure.use_dsp.i_dsp48/mult1_preadder_d_plus_a.mult1/mult/use_prim.iAdelx[0].iAdely[0].use_delay_line.Adelay/d1.dout_i_reg[4]'
INFO: [Synth 8-3886] merging instance 'U0/i_synth/xfft_inst/non_floating_point.arch_b.xfft_inst/single_channel.datapath/pe/mult_gen.Mult2/i_cmpy/three_mult_structure.use_dsp.i_dsp48/mult3_preadder_d_minus_a.mult3/mult/use_prim.iAdelx[0].iAdely[0].use_delay_line.Adelay/d1.dout_i_reg[5]' (FD) to 'U0/i_synth/xfft_inst/non_floating_point.arch_b.xfft_inst/single_channel.datapath/pe/mult_gen.Mult2/i_cmpy/three_mult_structure.use_dsp.i_dsp48/mult1_preadder_d_plus_a.mult1/mult/use_prim.iAdelx[0].iAdely[0].use_delay_line.Adelay/d1.dout_i_reg[5]'
INFO: [Synth 8-3886] merging instance 'U0/i_synth/xfft_inst/non_floating_point.arch_b.xfft_inst/single_channel.datapath/pe/mult_gen.Mult2/i_cmpy/three_mult_structure.use_dsp.i_dsp48/mult3_preadder_d_minus_a.mult3/mult/use_prim.iAdelx[0].iAdely[0].use_delay_line.Adelay/d1.dout_i_reg[6]' (FD) to 'U0/i_synth/xfft_inst/non_floating_point.arch_b.xfft_inst/single_channel.datapath/pe/mult_gen.Mult2/i_cmpy/three_mult_structure.use_dsp.i_dsp48/mult1_preadder_d_plus_a.mult1/mult/use_prim.iAdelx[0].iAdely[0].use_delay_line.Adelay/d1.dout_i_reg[6]'
INFO: [Synth 8-3886] merging instance 'U0/i_synth/xfft_inst/non_floating_point.arch_b.xfft_inst/single_channel.datapath/pe/mult_gen.Mult2/i_cmpy/three_mult_structure.use_dsp.i_dsp48/mult3_preadder_d_minus_a.mult3/mult/use_prim.iAdelx[0].iAdely[0].use_delay_line.Adelay/d1.dout_i_reg[7]' (FD) to 'U0/i_synth/xfft_inst/non_floating_point.arch_b.xfft_inst/single_channel.datapath/pe/mult_gen.Mult2/i_cmpy/three_mult_structure.use_dsp.i_dsp48/mult1_preadder_d_plus_a.mult1/mult/use_prim.iAdelx[0].iAdely[0].use_delay_line.Adelay/d1.dout_i_reg[7]'
INFO: [Synth 8-3886] merging instance 'U0/i_synth/xfft_inst/non_floating_point.arch_b.xfft_inst/single_channel.datapath/pe/mult_gen.Mult2/i_cmpy/three_mult_structure.use_dsp.i_dsp48/mult3_preadder_d_minus_a.mult3/mult/use_prim.iAdelx[0].iAdely[0].use_delay_line.Adelay/d1.dout_i_reg[8]' (FD) to 'U0/i_synth/xfft_inst/non_floating_point.arch_b.xfft_inst/single_channel.datapath/pe/mult_gen.Mult2/i_cmpy/three_mult_structure.use_dsp.i_dsp48/mult1_preadder_d_plus_a.mult1/mult/use_prim.iAdelx[0].iAdely[0].use_delay_line.Adelay/d1.dout_i_reg[8]'
INFO: [Synth 8-3886] merging instance 'U0/i_synth/xfft_inst/non_floating_point.arch_b.xfft_inst/single_channel.datapath/pe/mult_gen.Mult2/i_cmpy/three_mult_structure.use_dsp.i_dsp48/mult3_preadder_d_minus_a.mult3/mult/use_prim.iAdelx[0].iAdely[0].use_delay_line.Adelay/d1.dout_i_reg[9]' (FD) to 'U0/i_synth/xfft_inst/non_floating_point.arch_b.xfft_inst/single_channel.datapath/pe/mult_gen.Mult2/i_cmpy/three_mult_structure.use_dsp.i_dsp48/mult1_preadder_d_plus_a.mult1/mult/use_prim.iAdelx[0].iAdely[0].use_delay_line.Adelay/d1.dout_i_reg[9]'
INFO: [Synth 8-3886] merging instance 'U0/i_synth/xfft_inst/non_floating_point.arch_b.xfft_inst/single_channel.datapath/pe/mult_gen.Mult2/i_cmpy/three_mult_structure.use_dsp.i_dsp48/mult3_preadder_d_minus_a.mult3/mult/use_prim.iAdelx[0].iAdely[0].use_delay_line.Adelay/d1.dout_i_reg[10]' (FD) to 'U0/i_synth/xfft_inst/non_floating_point.arch_b.xfft_inst/single_channel.datapath/pe/mult_gen.Mult2/i_cmpy/three_mult_structure.use_dsp.i_dsp48/mult1_preadder_d_plus_a.mult1/mult/use_prim.iAdelx[0].iAdely[0].use_delay_line.Adelay/d1.dout_i_reg[10]'
INFO: [Synth 8-3886] merging instance 'U0/i_synth/xfft_inst/non_floating_point.arch_b.xfft_inst/single_channel.datapath/pe/mult_gen.Mult2/i_cmpy/three_mult_structure.use_dsp.i_dsp48/mult3_preadder_d_minus_a.mult3/mult/use_prim.iAdelx[0].iAdely[0].use_delay_line.Adelay/d1.dout_i_reg[11]' (FD) to 'U0/i_synth/xfft_inst/non_floating_point.arch_b.xfft_inst/single_channel.datapath/pe/mult_gen.Mult2/i_cmpy/three_mult_structure.use_dsp.i_dsp48/mult1_preadder_d_plus_a.mult1/mult/use_prim.iAdelx[0].iAdely[0].use_delay_line.Adelay/d1.dout_i_reg[11]'
INFO: [Synth 8-3886] merging instance 'U0/i_synth/xfft_inst/non_floating_point.arch_b.xfft_inst/single_channel.datapath/pe/mult_gen.Mult2/i_cmpy/three_mult_structure.use_dsp.i_dsp48/mult3_preadder_d_minus_a.mult3/mult/use_prim.iAdelx[0].iAdely[0].use_delay_line.Adelay/d1.dout_i_reg[12]' (FD) to 'U0/i_synth/xfft_inst/non_floating_point.arch_b.xfft_inst/single_channel.datapath/pe/mult_gen.Mult2/i_cmpy/three_mult_structure.use_dsp.i_dsp48/mult1_preadder_d_plus_a.mult1/mult/use_prim.iAdelx[0].iAdely[0].use_delay_line.Adelay/d1.dout_i_reg[12]'
INFO: [Synth 8-3886] merging instance 'U0/i_synth/xfft_inst/non_floating_point.arch_b.xfft_inst/single_channel.datapath/pe/mult_gen.Mult2/i_cmpy/three_mult_structure.use_dsp.i_dsp48/mult3_preadder_d_minus_a.mult3/mult/use_prim.iAdelx[0].iAdely[0].use_delay_line.Adelay/d1.dout_i_reg[13]' (FD) to 'U0/i_synth/xfft_inst/non_floating_point.arch_b.xfft_inst/single_channel.datapath/pe/mult_gen.Mult2/i_cmpy/three_mult_structure.use_dsp.i_dsp48/mult1_preadder_d_plus_a.mult1/mult/use_prim.iAdelx[0].iAdely[0].use_delay_line.Adelay/d1.dout_i_reg[13]'
INFO: [Synth 8-3886] merging instance 'U0/i_synth/xfft_inst/non_floating_point.arch_b.xfft_inst/single_channel.datapath/pe/mult_gen.Mult2/i_cmpy/three_mult_structure.use_dsp.i_dsp48/mult3_preadder_d_minus_a.mult3/mult/use_prim.iAdelx[0].iAdely[0].use_delay_line.Adelay/d1.dout_i_reg[14]' (FD) to 'U0/i_synth/xfft_inst/non_floating_point.arch_b.xfft_inst/single_channel.datapath/pe/mult_gen.Mult2/i_cmpy/three_mult_structure.use_dsp.i_dsp48/mult1_preadder_d_plus_a.mult1/mult/use_prim.iAdelx[0].iAdely[0].use_delay_line.Adelay/d1.dout_i_reg[14]'
INFO: [Synth 8-3886] merging instance 'U0/i_synth/xfft_inst/non_floating_point.arch_b.xfft_inst/single_channel.datapath/pe/mult_gen.Mult2/i_cmpy/three_mult_structure.use_dsp.i_dsp48/mult3_preadder_d_minus_a.mult3/mult/use_prim.iAdelx[0].iAdely[0].use_delay_line.Adelay/d1.dout_i_reg[15]' (FD) to 'U0/i_synth/xfft_inst/non_floating_point.arch_b.xfft_inst/single_channel.datapath/pe/mult_gen.Mult2/i_cmpy/three_mult_structure.use_dsp.i_dsp48/mult3_preadder_d_minus_a.mult3/mult/use_prim.iAdelx[0].iAdely[0].use_delay_line.Adelay/d1.dout_i_reg[16]'
INFO: [Synth 8-3886] merging instance 'U0/i_synth/xfft_inst/non_floating_point.arch_b.xfft_inst/single_channel.datapath/pe/mult_gen.Mult2/i_cmpy/three_mult_structure.use_dsp.i_dsp48/mult3_preadder_d_minus_a.mult3/mult/use_prim.iAdelx[0].iAdely[0].use_delay_line.Adelay/d1.dout_i_reg[16]' (FD) to 'U0/i_synth/xfft_inst/non_floating_point.arch_b.xfft_inst/single_channel.datapath/pe/mult_gen.Mult2/i_cmpy/three_mult_structure.use_dsp.i_dsp48/mult3_preadder_d_minus_a.mult3/mult/use_prim.iAdelx[0].iAdely[0].use_delay_line.Adelay/d1.dout_i_reg[17]'
INFO: [Synth 8-3886] merging instance 'U0/i_synth/xfft_inst/non_floating_point.arch_b.xfft_inst/single_channel.datapath/pe/mult_gen.Mult2/i_cmpy/three_mult_structure.use_dsp.i_dsp48/mult3_preadder_d_minus_a.mult3/mult/use_prim.iAdelx[0].iAdely[0].use_delay_line.Adelay/d1.dout_i_reg[17]' (FD) to 'U0/i_synth/xfft_inst/non_floating_point.arch_b.xfft_inst/single_channel.datapath/pe/mult_gen.Mult2/i_cmpy/three_mult_structure.use_dsp.i_dsp48/mult3_preadder_d_minus_a.mult3/mult/use_prim.iAdelx[0].iAdely[0].use_delay_line.Adelay/d1.dout_i_reg[18]'
INFO: [Synth 8-3886] merging instance 'U0/i_synth/xfft_inst/non_floating_point.arch_b.xfft_inst/single_channel.datapath/pe/mult_gen.Mult2/i_cmpy/three_mult_structure.use_dsp.i_dsp48/mult3_preadder_d_minus_a.mult3/mult/use_prim.iAdelx[0].iAdely[0].use_delay_line.Adelay/d1.dout_i_reg[18]' (FD) to 'U0/i_synth/xfft_inst/non_floating_point.arch_b.xfft_inst/single_channel.datapath/pe/mult_gen.Mult2/i_cmpy/three_mult_structure.use_dsp.i_dsp48/mult3_preadder_d_minus_a.mult3/mult/use_prim.iAdelx[0].iAdely[0].use_delay_line.Adelay/d1.dout_i_reg[19]'
INFO: [Synth 8-3886] merging instance 'U0/i_synth/xfft_inst/non_floating_point.arch_b.xfft_inst/single_channel.datapath/pe/mult_gen.Mult2/i_cmpy/three_mult_structure.use_dsp.i_dsp48/mult3_preadder_d_minus_a.mult3/mult/use_prim.iAdelx[0].iAdely[0].use_delay_line.Adelay/d1.dout_i_reg[19]' (FD) to 'U0/i_synth/xfft_inst/non_floating_point.arch_b.xfft_inst/single_channel.datapath/pe/mult_gen.Mult2/i_cmpy/three_mult_structure.use_dsp.i_dsp48/mult3_preadder_d_minus_a.mult3/mult/use_prim.iAdelx[0].iAdely[0].use_delay_line.Adelay/d1.dout_i_reg[20]'
INFO: [Synth 8-3886] merging instance 'U0/i_synth/xfft_inst/non_floating_point.arch_b.xfft_inst/single_channel.datapath/pe/mult_gen.Mult2/i_cmpy/three_mult_structure.use_dsp.i_dsp48/mult3_preadder_d_minus_a.mult3/mult/use_prim.iAdelx[0].iAdely[0].use_delay_line.Adelay/d1.dout_i_reg[20]' (FD) to 'U0/i_synth/xfft_inst/non_floating_point.arch_b.xfft_inst/single_channel.datapath/pe/mult_gen.Mult2/i_cmpy/three_mult_structure.use_dsp.i_dsp48/mult3_preadder_d_minus_a.mult3/mult/use_prim.iAdelx[0].iAdely[0].use_delay_line.Adelay/d1.dout_i_reg[21]'
INFO: [Synth 8-3886] merging instance 'U0/i_synth/xfft_inst/non_floating_point.arch_b.xfft_inst/single_channel.datapath/pe/mult_gen.Mult2/i_cmpy/three_mult_structure.use_dsp.i_dsp48/mult3_preadder_d_minus_a.mult3/mult/use_prim.iAdelx[0].iAdely[0].use_delay_line.Adelay/d1.dout_i_reg[21]' (FD) to 'U0/i_synth/xfft_inst/non_floating_point.arch_b.xfft_inst/single_channel.datapath/pe/mult_gen.Mult2/i_cmpy/three_mult_structure.use_dsp.i_dsp48/mult3_preadder_d_minus_a.mult3/mult/use_prim.iAdelx[0].iAdely[0].use_delay_line.Adelay/d1.dout_i_reg[22]'
INFO: [Synth 8-3886] merging instance 'U0/i_synth/xfft_inst/non_floating_point.arch_b.xfft_inst/single_channel.datapath/pe/mult_gen.Mult2/i_cmpy/three_mult_structure.use_dsp.i_dsp48/mult3_preadder_d_minus_a.mult3/mult/use_prim.iAdelx[0].iAdely[0].use_delay_line.Adelay/d1.dout_i_reg[22]' (FD) to 'U0/i_synth/xfft_inst/non_floating_point.arch_b.xfft_inst/single_channel.datapath/pe/mult_gen.Mult2/i_cmpy/three_mult_structure.use_dsp.i_dsp48/mult3_preadder_d_minus_a.mult3/mult/use_prim.iAdelx[0].iAdely[0].use_delay_line.Adelay/d1.dout_i_reg[23]'
INFO: [Synth 8-3886] merging instance 'U0/i_synth/xfft_inst/non_floating_point.arch_b.xfft_inst/single_channel.datapath/pe/mult_gen.Mult2/i_cmpy/three_mult_structure.use_dsp.i_dsp48/mult3_preadder_d_minus_a.mult3/mult/use_prim.iAdelx[0].iAdely[0].use_delay_line.Adelay/d1.dout_i_reg[23]' (FD) to 'U0/i_synth/xfft_inst/non_floating_point.arch_b.xfft_inst/single_channel.datapath/pe/mult_gen.Mult2/i_cmpy/three_mult_structure.use_dsp.i_dsp48/mult3_preadder_d_minus_a.mult3/mult/use_prim.iAdelx[0].iAdely[0].use_delay_line.Adelay/d1.dout_i_reg[24]'
INFO: [Synth 8-3886] merging instance 'U0/i_synth/xfft_inst/non_floating_point.arch_b.xfft_inst/single_channel.datapath/pe/mult_gen.Mult2/i_cmpy/three_mult_structure.use_dsp.i_dsp48/mult3_preadder_d_minus_a.mult3/mult/use_prim.iAdelx[0].iAdely[0].use_delay_line.Adelay/d1.dout_i_reg[24]' (FD) to 'U0/i_synth/xfft_inst/non_floating_point.arch_b.xfft_inst/single_channel.datapath/pe/mult_gen.Mult2/i_cmpy/three_mult_structure.use_dsp.i_dsp48/mult1_preadder_d_plus_a.mult1/mult/use_prim.iAdelx[0].iAdely[0].use_delay_line.Adelay/d1.dout_i_reg[15]'
INFO: [Synth 8-3886] merging instance 'U0/i_synth/xfft_inst/non_floating_point.arch_b.xfft_inst/single_channel.datapath/pe/mult_gen.Mult2/i_cmpy/three_mult_structure.use_dsp.i_dsp48/dsp_preadder_3.reg_mult3_preadd_d/dN.std_srl.shift_reg_reg[1][0]' (FD) to 'U0/i_synth/xfft_inst/non_floating_point.arch_b.xfft_inst/single_channel.datapath/pe/mult_gen.Mult2/i_cmpy/three_mult_structure.use_dsp.i_dsp48/dsp_preadder_1.reg_mult1_preadd_d/dN.std_srl.shift_reg_reg[1][0]'
INFO: [Synth 8-3886] merging instance 'U0/i_synth/xfft_inst/non_floating_point.arch_b.xfft_inst/single_channel.datapath/pe/mult_gen.Mult2/i_cmpy/three_mult_structure.use_dsp.i_dsp48/dsp_preadder_3.reg_mult3_preadd_d/dN.std_srl.shift_reg_reg[1][1]' (FD) to 'U0/i_synth/xfft_inst/non_floating_point.arch_b.xfft_inst/single_channel.datapath/pe/mult_gen.Mult2/i_cmpy/three_mult_structure.use_dsp.i_dsp48/dsp_preadder_1.reg_mult1_preadd_d/dN.std_srl.shift_reg_reg[1][1]'
INFO: [Synth 8-3886] merging instance 'U0/i_synth/xfft_inst/non_floating_point.arch_b.xfft_inst/single_channel.datapath/pe/mult_gen.Mult2/i_cmpy/three_mult_structure.use_dsp.i_dsp48/dsp_preadder_3.reg_mult3_preadd_d/dN.std_srl.shift_reg_reg[1][2]' (FD) to 'U0/i_synth/xfft_inst/non_floating_point.arch_b.xfft_inst/single_channel.datapath/pe/mult_gen.Mult2/i_cmpy/three_mult_structure.use_dsp.i_dsp48/dsp_preadder_1.reg_mult1_preadd_d/dN.std_srl.shift_reg_reg[1][2]'
INFO: [Synth 8-3886] merging instance 'U0/i_synth/xfft_inst/non_floating_point.arch_b.xfft_inst/single_channel.datapath/pe/mult_gen.Mult2/i_cmpy/three_mult_structure.use_dsp.i_dsp48/dsp_preadder_3.reg_mult3_preadd_d/dN.std_srl.shift_reg_reg[1][3]' (FD) to 'U0/i_synth/xfft_inst/non_floating_point.arch_b.xfft_inst/single_channel.datapath/pe/mult_gen.Mult2/i_cmpy/three_mult_structure.use_dsp.i_dsp48/dsp_preadder_1.reg_mult1_preadd_d/dN.std_srl.shift_reg_reg[1][3]'
INFO: [Synth 8-3886] merging instance 'U0/i_synth/xfft_inst/non_floating_point.arch_b.xfft_inst/single_channel.datapath/pe/mult_gen.Mult2/i_cmpy/three_mult_structure.use_dsp.i_dsp48/dsp_preadder_3.reg_mult3_preadd_d/dN.std_srl.shift_reg_reg[1][4]' (FD) to 'U0/i_synth/xfft_inst/non_floating_point.arch_b.xfft_inst/single_channel.datapath/pe/mult_gen.Mult2/i_cmpy/three_mult_structure.use_dsp.i_dsp48/dsp_preadder_1.reg_mult1_preadd_d/dN.std_srl.shift_reg_reg[1][4]'
INFO: [Synth 8-3886] merging instance 'U0/i_synth/xfft_inst/non_floating_point.arch_b.xfft_inst/single_channel.datapath/pe/mult_gen.Mult2/i_cmpy/three_mult_structure.use_dsp.i_dsp48/dsp_preadder_3.reg_mult3_preadd_d/dN.std_srl.shift_reg_reg[1][5]' (FD) to 'U0/i_synth/xfft_inst/non_floating_point.arch_b.xfft_inst/single_channel.datapath/pe/mult_gen.Mult2/i_cmpy/three_mult_structure.use_dsp.i_dsp48/dsp_preadder_1.reg_mult1_preadd_d/dN.std_srl.shift_reg_reg[1][5]'
INFO: [Synth 8-3886] merging instance 'U0/i_synth/xfft_inst/non_floating_point.arch_b.xfft_inst/single_channel.datapath/pe/mult_gen.Mult2/i_cmpy/three_mult_structure.use_dsp.i_dsp48/dsp_preadder_3.reg_mult3_preadd_d/dN.std_srl.shift_reg_reg[1][6]' (FD) to 'U0/i_synth/xfft_inst/non_floating_point.arch_b.xfft_inst/single_channel.datapath/pe/mult_gen.Mult2/i_cmpy/three_mult_structure.use_dsp.i_dsp48/dsp_preadder_1.reg_mult1_preadd_d/dN.std_srl.shift_reg_reg[1][6]'
INFO: [Synth 8-3886] merging instance 'U0/i_synth/xfft_inst/non_floating_point.arch_b.xfft_inst/single_channel.datapath/pe/mult_gen.Mult2/i_cmpy/three_mult_structure.use_dsp.i_dsp48/dsp_preadder_3.reg_mult3_preadd_d/dN.std_srl.shift_reg_reg[1][7]' (FD) to 'U0/i_synth/xfft_inst/non_floating_point.arch_b.xfft_inst/single_channel.datapath/pe/mult_gen.Mult2/i_cmpy/three_mult_structure.use_dsp.i_dsp48/dsp_preadder_1.reg_mult1_preadd_d/dN.std_srl.shift_reg_reg[1][7]'
INFO: [Synth 8-3886] merging instance 'U0/i_synth/xfft_inst/non_floating_point.arch_b.xfft_inst/single_channel.datapath/pe/mult_gen.Mult2/i_cmpy/three_mult_structure.use_dsp.i_dsp48/dsp_preadder_3.reg_mult3_preadd_d/dN.std_srl.shift_reg_reg[1][8]' (FD) to 'U0/i_synth/xfft_inst/non_floating_point.arch_b.xfft_inst/single_channel.datapath/pe/mult_gen.Mult2/i_cmpy/three_mult_structure.use_dsp.i_dsp48/dsp_preadder_1.reg_mult1_preadd_d/dN.std_srl.shift_reg_reg[1][8]'
INFO: [Synth 8-3886] merging instance 'U0/i_synth/xfft_inst/non_floating_point.arch_b.xfft_inst/single_channel.datapath/pe/mult_gen.Mult2/i_cmpy/three_mult_structure.use_dsp.i_dsp48/dsp_preadder_3.reg_mult3_preadd_d/dN.std_srl.shift_reg_reg[1][9]' (FD) to 'U0/i_synth/xfft_inst/non_floating_point.arch_b.xfft_inst/single_channel.datapath/pe/mult_gen.Mult2/i_cmpy/three_mult_structure.use_dsp.i_dsp48/dsp_preadder_1.reg_mult1_preadd_d/dN.std_srl.shift_reg_reg[1][9]'
INFO: [Synth 8-3886] merging instance 'U0/i_synth/xfft_inst/non_floating_point.arch_b.xfft_inst/single_channel.datapath/pe/mult_gen.Mult2/i_cmpy/three_mult_structure.use_dsp.i_dsp48/dsp_preadder_3.reg_mult3_preadd_d/dN.std_srl.shift_reg_reg[1][10]' (FD) to 'U0/i_synth/xfft_inst/non_floating_point.arch_b.xfft_inst/single_channel.datapath/pe/mult_gen.Mult2/i_cmpy/three_mult_structure.use_dsp.i_dsp48/dsp_preadder_1.reg_mult1_preadd_d/dN.std_srl.shift_reg_reg[1][10]'
INFO: [Synth 8-3886] merging instance 'U0/i_synth/xfft_inst/non_floating_point.arch_b.xfft_inst/single_channel.datapath/pe/mult_gen.Mult2/i_cmpy/three_mult_structure.use_dsp.i_dsp48/dsp_preadder_3.reg_mult3_preadd_d/dN.std_srl.shift_reg_reg[1][11]' (FD) to 'U0/i_synth/xfft_inst/non_floating_point.arch_b.xfft_inst/single_channel.datapath/pe/mult_gen.Mult2/i_cmpy/three_mult_structure.use_dsp.i_dsp48/dsp_preadder_1.reg_mult1_preadd_d/dN.std_srl.shift_reg_reg[1][11]'
INFO: [Synth 8-3886] merging instance 'U0/i_synth/xfft_inst/non_floating_point.arch_b.xfft_inst/single_channel.datapath/pe/mult_gen.Mult2/i_cmpy/three_mult_structure.use_dsp.i_dsp48/dsp_preadder_3.reg_mult3_preadd_d/dN.std_srl.shift_reg_reg[1][12]' (FD) to 'U0/i_synth/xfft_inst/non_floating_point.arch_b.xfft_inst/single_channel.datapath/pe/mult_gen.Mult2/i_cmpy/three_mult_structure.use_dsp.i_dsp48/dsp_preadder_1.reg_mult1_preadd_d/dN.std_srl.shift_reg_reg[1][12]'
INFO: [Synth 8-3886] merging instance 'U0/i_synth/xfft_inst/non_floating_point.arch_b.xfft_inst/single_channel.datapath/pe/mult_gen.Mult2/i_cmpy/three_mult_structure.use_dsp.i_dsp48/dsp_preadder_3.reg_mult3_preadd_d/dN.std_srl.shift_reg_reg[1][13]' (FD) to 'U0/i_synth/xfft_inst/non_floating_point.arch_b.xfft_inst/single_channel.datapath/pe/mult_gen.Mult2/i_cmpy/three_mult_structure.use_dsp.i_dsp48/dsp_preadder_1.reg_mult1_preadd_d/dN.std_srl.shift_reg_reg[1][13]'
INFO: [Synth 8-3886] merging instance 'U0/i_synth/xfft_inst/non_floating_point.arch_b.xfft_inst/single_channel.datapath/pe/mult_gen.Mult2/i_cmpy/three_mult_structure.use_dsp.i_dsp48/dsp_preadder_3.reg_mult3_preadd_d/dN.std_srl.shift_reg_reg[1][14]' (FD) to 'U0/i_synth/xfft_inst/non_floating_point.arch_b.xfft_inst/single_channel.datapath/pe/mult_gen.Mult2/i_cmpy/three_mult_structure.use_dsp.i_dsp48/dsp_preadder_1.reg_mult1_preadd_d/dN.std_srl.shift_reg_reg[1][14]'
INFO: [Synth 8-3886] merging instance 'U0/i_synth/xfft_inst/non_floating_point.arch_b.xfft_inst/single_channel.datapath/pe/mult_gen.Mult2/i_cmpy/three_mult_structure.use_dsp.i_dsp48/dsp_preadder_3.reg_mult3_preadd_d/dN.std_srl.shift_reg_reg[1][15]' (FD) to 'U0/i_synth/xfft_inst/non_floating_point.arch_b.xfft_inst/single_channel.datapath/pe/mult_gen.Mult2/i_cmpy/three_mult_structure.use_dsp.i_dsp48/dsp_preadder_3.reg_mult3_preadd_d/dN.std_srl.shift_reg_reg[1][23]'
INFO: [Synth 8-3886] merging instance 'U0/i_synth/xfft_inst/non_floating_point.arch_b.xfft_inst/single_channel.datapath/pe/mult_gen.Mult2/i_cmpy/three_mult_structure.use_dsp.i_dsp48/dsp_preadder_3.reg_mult3_preadd_d/dN.std_srl.shift_reg_reg[1][16]' (FD) to 'U0/i_synth/xfft_inst/non_floating_point.arch_b.xfft_inst/single_channel.datapath/pe/mult_gen.Mult2/i_cmpy/three_mult_structure.use_dsp.i_dsp48/dsp_preadder_3.reg_mult3_preadd_d/dN.std_srl.shift_reg_reg[1][23]'
INFO: [Synth 8-3886] merging instance 'U0/i_synth/xfft_inst/non_floating_point.arch_b.xfft_inst/single_channel.datapath/pe/mult_gen.Mult2/i_cmpy/three_mult_structure.use_dsp.i_dsp48/dsp_preadder_3.reg_mult3_preadd_d/dN.std_srl.shift_reg_reg[1][17]' (FD) to 'U0/i_synth/xfft_inst/non_floating_point.arch_b.xfft_inst/single_channel.datapath/pe/mult_gen.Mult2/i_cmpy/three_mult_structure.use_dsp.i_dsp48/dsp_preadder_3.reg_mult3_preadd_d/dN.std_srl.shift_reg_reg[1][23]'
INFO: [Synth 8-3886] merging instance 'U0/i_synth/xfft_inst/non_floating_point.arch_b.xfft_inst/single_channel.datapath/pe/mult_gen.Mult2/i_cmpy/three_mult_structure.use_dsp.i_dsp48/dsp_preadder_3.reg_mult3_preadd_d/dN.std_srl.shift_reg_reg[1][18]' (FD) to 'U0/i_synth/xfft_inst/non_floating_point.arch_b.xfft_inst/single_channel.datapath/pe/mult_gen.Mult2/i_cmpy/three_mult_structure.use_dsp.i_dsp48/dsp_preadder_3.reg_mult3_preadd_d/dN.std_srl.shift_reg_reg[1][23]'
INFO: [Synth 8-3886] merging instance 'U0/i_synth/xfft_inst/non_floating_point.arch_b.xfft_inst/single_channel.datapath/pe/mult_gen.Mult2/i_cmpy/three_mult_structure.use_dsp.i_dsp48/dsp_preadder_3.reg_mult3_preadd_d/dN.std_srl.shift_reg_reg[1][19]' (FD) to 'U0/i_synth/xfft_inst/non_floating_point.arch_b.xfft_inst/single_channel.datapath/pe/mult_gen.Mult2/i_cmpy/three_mult_structure.use_dsp.i_dsp48/dsp_preadder_3.reg_mult3_preadd_d/dN.std_srl.shift_reg_reg[1][23]'
INFO: [Synth 8-3886] merging instance 'U0/i_synth/xfft_inst/non_floating_point.arch_b.xfft_inst/single_channel.datapath/pe/mult_gen.Mult2/i_cmpy/three_mult_structure.use_dsp.i_dsp48/dsp_preadder_3.reg_mult3_preadd_d/dN.std_srl.shift_reg_reg[1][20]' (FD) to 'U0/i_synth/xfft_inst/non_floating_point.arch_b.xfft_inst/single_channel.datapath/pe/mult_gen.Mult2/i_cmpy/three_mult_structure.use_dsp.i_dsp48/dsp_preadder_3.reg_mult3_preadd_d/dN.std_srl.shift_reg_reg[1][23]'
INFO: [Synth 8-3886] merging instance 'U0/i_synth/xfft_inst/non_floating_point.arch_b.xfft_inst/single_channel.datapath/pe/mult_gen.Mult2/i_cmpy/three_mult_structure.use_dsp.i_dsp48/dsp_preadder_3.reg_mult3_preadd_d/dN.std_srl.shift_reg_reg[1][21]' (FD) to 'U0/i_synth/xfft_inst/non_floating_point.arch_b.xfft_inst/single_channel.datapath/pe/mult_gen.Mult2/i_cmpy/three_mult_structure.use_dsp.i_dsp48/dsp_preadder_3.reg_mult3_preadd_d/dN.std_srl.shift_reg_reg[1][23]'
INFO: [Synth 8-3886] merging instance 'U0/i_synth/xfft_inst/non_floating_point.arch_b.xfft_inst/single_channel.datapath/pe/mult_gen.Mult2/i_cmpy/three_mult_structure.use_dsp.i_dsp48/dsp_preadder_3.reg_mult3_preadd_d/dN.std_srl.shift_reg_reg[1][22]' (FD) to 'U0/i_synth/xfft_inst/non_floating_point.arch_b.xfft_inst/single_channel.datapath/pe/mult_gen.Mult2/i_cmpy/three_mult_structure.use_dsp.i_dsp48/dsp_preadder_3.reg_mult3_preadd_d/dN.std_srl.shift_reg_reg[1][23]'
INFO: [Synth 8-3886] merging instance 'U0/i_synth/xfft_inst/non_floating_point.arch_b.xfft_inst/single_channel.datapath/pe/mult_gen.Mult2/i_cmpy/three_mult_structure.use_dsp.i_dsp48/dsp_preadder_3.reg_mult3_preadd_d/dN.std_srl.shift_reg_reg[1][23]' (FD) to 'U0/i_synth/xfft_inst/non_floating_point.arch_b.xfft_inst/single_channel.datapath/pe/mult_gen.Mult2/i_cmpy/three_mult_structure.use_dsp.i_dsp48/dsp_preadder_1.reg_mult1_preadd_d/dN.std_srl.shift_reg_reg[1][23]'
INFO: [Synth 8-3886] merging instance 'U0/i_synth/xfft_inst/non_floating_point.arch_b.xfft_inst/single_channel.datapath/pe/mult_gen.Mult2/i_cmpy/three_mult_structure.use_dsp.i_dsp48/dsp_preadder_3.reg_mult3_preadd_d/dN.std_srl.shift_reg_reg[1][24]' (FD) to 'U0/i_synth/xfft_inst/non_floating_point.arch_b.xfft_inst/single_channel.datapath/pe/mult_gen.Mult2/i_cmpy/three_mult_structure.use_dsp.i_dsp48/dsp_preadder_1.reg_mult1_preadd_d/dN.std_srl.shift_reg_reg[1][23]'
INFO: [Synth 8-3886] merging instance 'U0/i_synth/xfft_inst/non_floating_point.arch_b.xfft_inst/single_channel.datapath/pe/mult_gen.Mult2/i_cmpy/three_mult_structure.use_dsp.i_dsp48/mult3_preadder_d_minus_a.mult3/mult/use_prim.iBdelx[0].iBdely[0].need_delay_line.Bdelay/dN.std_srl.shift_reg_reg[1][16]' (FD) to 'U0/i_synth/xfft_inst/non_floating_point.arch_b.xfft_inst/single_channel.datapath/pe/mult_gen.Mult2/i_cmpy/three_mult_structure.use_dsp.i_dsp48/mult3_preadder_d_minus_a.mult3/mult/use_prim.iBdelx[0].iBdely[0].need_delay_line.Bdelay/dN.std_srl.shift_reg_reg[1][17]'
INFO: [Synth 8-3886] merging instance 'U0/i_synth/xfft_inst/non_floating_point.arch_b.xfft_inst/single_channel.datapath/pe/mult_gen.Mult1/i_cmpy/three_mult_structure.use_dsp.i_dsp48/mult3_preadder_d_minus_a.mult3/mult/use_prim.iAdelx[0].iAdely[0].use_delay_line.Adelay/d1.dout_i_reg[0]' (FD) to 'U0/i_synth/xfft_inst/non_floating_point.arch_b.xfft_inst/single_channel.datapath/pe/mult_gen.Mult1/i_cmpy/three_mult_structure.use_dsp.i_dsp48/mult1_preadder_d_plus_a.mult1/mult/use_prim.iAdelx[0].iAdely[0].use_delay_line.Adelay/d1.dout_i_reg[0]'
INFO: [Synth 8-3886] merging instance 'U0/i_synth/xfft_inst/non_floating_point.arch_b.xfft_inst/single_channel.datapath/pe/mult_gen.Mult1/i_cmpy/three_mult_structure.use_dsp.i_dsp48/mult3_preadder_d_minus_a.mult3/mult/use_prim.iAdelx[0].iAdely[0].use_delay_line.Adelay/d1.dout_i_reg[1]' (FD) to 'U0/i_synth/xfft_inst/non_floating_point.arch_b.xfft_inst/single_channel.datapath/pe/mult_gen.Mult1/i_cmpy/three_mult_structure.use_dsp.i_dsp48/mult1_preadder_d_plus_a.mult1/mult/use_prim.iAdelx[0].iAdely[0].use_delay_line.Adelay/d1.dout_i_reg[1]'
INFO: [Synth 8-3886] merging instance 'U0/i_synth/xfft_inst/non_floating_point.arch_b.xfft_inst/single_channel.datapath/pe/mult_gen.Mult1/i_cmpy/three_mult_structure.use_dsp.i_dsp48/mult3_preadder_d_minus_a.mult3/mult/use_prim.iAdelx[0].iAdely[0].use_delay_line.Adelay/d1.dout_i_reg[2]' (FD) to 'U0/i_synth/xfft_inst/non_floating_point.arch_b.xfft_inst/single_channel.datapath/pe/mult_gen.Mult1/i_cmpy/three_mult_structure.use_dsp.i_dsp48/mult1_preadder_d_plus_a.mult1/mult/use_prim.iAdelx[0].iAdely[0].use_delay_line.Adelay/d1.dout_i_reg[2]'
INFO: [Synth 8-3886] merging instance 'U0/i_synth/xfft_inst/non_floating_point.arch_b.xfft_inst/single_channel.datapath/pe/mult_gen.Mult1/i_cmpy/three_mult_structure.use_dsp.i_dsp48/mult3_preadder_d_minus_a.mult3/mult/use_prim.iAdelx[0].iAdely[0].use_delay_line.Adelay/d1.dout_i_reg[3]' (FD) to 'U0/i_synth/xfft_inst/non_floating_point.arch_b.xfft_inst/single_channel.datapath/pe/mult_gen.Mult1/i_cmpy/three_mult_structure.use_dsp.i_dsp48/mult1_preadder_d_plus_a.mult1/mult/use_prim.iAdelx[0].iAdely[0].use_delay_line.Adelay/d1.dout_i_reg[3]'
INFO: [Synth 8-3886] merging instance 'U0/i_synth/xfft_inst/non_floating_point.arch_b.xfft_inst/single_channel.datapath/pe/mult_gen.Mult1/i_cmpy/three_mult_structure.use_dsp.i_dsp48/mult3_preadder_d_minus_a.mult3/mult/use_prim.iAdelx[0].iAdely[0].use_delay_line.Adelay/d1.dout_i_reg[4]' (FD) to 'U0/i_synth/xfft_inst/non_floating_point.arch_b.xfft_inst/single_channel.datapath/pe/mult_gen.Mult1/i_cmpy/three_mult_structure.use_dsp.i_dsp48/mult1_preadder_d_plus_a.mult1/mult/use_prim.iAdelx[0].iAdely[0].use_delay_line.Adelay/d1.dout_i_reg[4]'
INFO: [Synth 8-3886] merging instance 'U0/i_synth/xfft_inst/non_floating_point.arch_b.xfft_inst/single_channel.datapath/pe/mult_gen.Mult1/i_cmpy/three_mult_structure.use_dsp.i_dsp48/mult3_preadder_d_minus_a.mult3/mult/use_prim.iAdelx[0].iAdely[0].use_delay_line.Adelay/d1.dout_i_reg[5]' (FD) to 'U0/i_synth/xfft_inst/non_floating_point.arch_b.xfft_inst/single_channel.datapath/pe/mult_gen.Mult1/i_cmpy/three_mult_structure.use_dsp.i_dsp48/mult1_preadder_d_plus_a.mult1/mult/use_prim.iAdelx[0].iAdely[0].use_delay_line.Adelay/d1.dout_i_reg[5]'
INFO: [Synth 8-3886] merging instance 'U0/i_synth/xfft_inst/non_floating_point.arch_b.xfft_inst/single_channel.datapath/pe/mult_gen.Mult1/i_cmpy/three_mult_structure.use_dsp.i_dsp48/mult3_preadder_d_minus_a.mult3/mult/use_prim.iAdelx[0].iAdely[0].use_delay_line.Adelay/d1.dout_i_reg[6]' (FD) to 'U0/i_synth/xfft_inst/non_floating_point.arch_b.xfft_inst/single_channel.datapath/pe/mult_gen.Mult1/i_cmpy/three_mult_structure.use_dsp.i_dsp48/mult1_preadder_d_plus_a.mult1/mult/use_prim.iAdelx[0].iAdely[0].use_delay_line.Adelay/d1.dout_i_reg[6]'
INFO: [Synth 8-3886] merging instance 'U0/i_synth/xfft_inst/non_floating_point.arch_b.xfft_inst/single_channel.datapath/pe/mult_gen.Mult1/i_cmpy/three_mult_structure.use_dsp.i_dsp48/mult3_preadder_d_minus_a.mult3/mult/use_prim.iAdelx[0].iAdely[0].use_delay_line.Adelay/d1.dout_i_reg[7]' (FD) to 'U0/i_synth/xfft_inst/non_floating_point.arch_b.xfft_inst/single_channel.datapath/pe/mult_gen.Mult1/i_cmpy/three_mult_structure.use_dsp.i_dsp48/mult1_preadder_d_plus_a.mult1/mult/use_prim.iAdelx[0].iAdely[0].use_delay_line.Adelay/d1.dout_i_reg[7]'
INFO: [Synth 8-3886] merging instance 'U0/i_synth/xfft_inst/non_floating_point.arch_b.xfft_inst/single_channel.datapath/pe/mult_gen.Mult1/i_cmpy/three_mult_structure.use_dsp.i_dsp48/mult3_preadder_d_minus_a.mult3/mult/use_prim.iAdelx[0].iAdely[0].use_delay_line.Adelay/d1.dout_i_reg[8]' (FD) to 'U0/i_synth/xfft_inst/non_floating_point.arch_b.xfft_inst/single_channel.datapath/pe/mult_gen.Mult1/i_cmpy/three_mult_structure.use_dsp.i_dsp48/mult1_preadder_d_plus_a.mult1/mult/use_prim.iAdelx[0].iAdely[0].use_delay_line.Adelay/d1.dout_i_reg[8]'
INFO: [Synth 8-3886] merging instance 'U0/i_synth/xfft_inst/non_floating_point.arch_b.xfft_inst/single_channel.datapath/pe/mult_gen.Mult1/i_cmpy/three_mult_structure.use_dsp.i_dsp48/mult3_preadder_d_minus_a.mult3/mult/use_prim.iAdelx[0].iAdely[0].use_delay_line.Adelay/d1.dout_i_reg[9]' (FD) to 'U0/i_synth/xfft_inst/non_floating_point.arch_b.xfft_inst/single_channel.datapath/pe/mult_gen.Mult1/i_cmpy/three_mult_structure.use_dsp.i_dsp48/mult1_preadder_d_plus_a.mult1/mult/use_prim.iAdelx[0].iAdely[0].use_delay_line.Adelay/d1.dout_i_reg[9]'
INFO: [Synth 8-3886] merging instance 'U0/i_synth/xfft_inst/non_floating_point.arch_b.xfft_inst/single_channel.datapath/pe/mult_gen.Mult1/i_cmpy/three_mult_structure.use_dsp.i_dsp48/mult3_preadder_d_minus_a.mult3/mult/use_prim.iAdelx[0].iAdely[0].use_delay_line.Adelay/d1.dout_i_reg[10]' (FD) to 'U0/i_synth/xfft_inst/non_floating_point.arch_b.xfft_inst/single_channel.datapath/pe/mult_gen.Mult1/i_cmpy/three_mult_structure.use_dsp.i_dsp48/mult1_preadder_d_plus_a.mult1/mult/use_prim.iAdelx[0].iAdely[0].use_delay_line.Adelay/d1.dout_i_reg[10]'
INFO: [Synth 8-3886] merging instance 'U0/i_synth/xfft_inst/non_floating_point.arch_b.xfft_inst/single_channel.datapath/pe/mult_gen.Mult1/i_cmpy/three_mult_structure.use_dsp.i_dsp48/mult3_preadder_d_minus_a.mult3/mult/use_prim.iAdelx[0].iAdely[0].use_delay_line.Adelay/d1.dout_i_reg[11]' (FD) to 'U0/i_synth/xfft_inst/non_floating_point.arch_b.xfft_inst/single_channel.datapath/pe/mult_gen.Mult1/i_cmpy/three_mult_structure.use_dsp.i_dsp48/mult1_preadder_d_plus_a.mult1/mult/use_prim.iAdelx[0].iAdely[0].use_delay_line.Adelay/d1.dout_i_reg[11]'
INFO: [Synth 8-3886] merging instance 'U0/i_synth/xfft_inst/non_floating_point.arch_b.xfft_inst/single_channel.datapath/pe/mult_gen.Mult1/i_cmpy/three_mult_structure.use_dsp.i_dsp48/mult3_preadder_d_minus_a.mult3/mult/use_prim.iAdelx[0].iAdely[0].use_delay_line.Adelay/d1.dout_i_reg[12]' (FD) to 'U0/i_synth/xfft_inst/non_floating_point.arch_b.xfft_inst/single_channel.datapath/pe/mult_gen.Mult1/i_cmpy/three_mult_structure.use_dsp.i_dsp48/mult1_preadder_d_plus_a.mult1/mult/use_prim.iAdelx[0].iAdely[0].use_delay_line.Adelay/d1.dout_i_reg[12]'
INFO: [Synth 8-3886] merging instance 'U0/i_synth/xfft_inst/non_floating_point.arch_b.xfft_inst/single_channel.datapath/pe/mult_gen.Mult1/i_cmpy/three_mult_structure.use_dsp.i_dsp48/mult3_preadder_d_minus_a.mult3/mult/use_prim.iAdelx[0].iAdely[0].use_delay_line.Adelay/d1.dout_i_reg[13]' (FD) to 'U0/i_synth/xfft_inst/non_floating_point.arch_b.xfft_inst/single_channel.datapath/pe/mult_gen.Mult1/i_cmpy/three_mult_structure.use_dsp.i_dsp48/mult1_preadder_d_plus_a.mult1/mult/use_prim.iAdelx[0].iAdely[0].use_delay_line.Adelay/d1.dout_i_reg[13]'
INFO: [Synth 8-3886] merging instance 'U0/i_synth/xfft_inst/non_floating_point.arch_b.xfft_inst/single_channel.datapath/pe/mult_gen.Mult1/i_cmpy/three_mult_structure.use_dsp.i_dsp48/mult3_preadder_d_minus_a.mult3/mult/use_prim.iAdelx[0].iAdely[0].use_delay_line.Adelay/d1.dout_i_reg[14]' (FD) to 'U0/i_synth/xfft_inst/non_floating_point.arch_b.xfft_inst/single_channel.datapath/pe/mult_gen.Mult1/i_cmpy/three_mult_structure.use_dsp.i_dsp48/mult1_preadder_d_plus_a.mult1/mult/use_prim.iAdelx[0].iAdely[0].use_delay_line.Adelay/d1.dout_i_reg[14]'
INFO: [Synth 8-3886] merging instance 'U0/i_synth/xfft_inst/non_floating_point.arch_b.xfft_inst/single_channel.datapath/pe/mult_gen.Mult1/i_cmpy/three_mult_structure.use_dsp.i_dsp48/mult3_preadder_d_minus_a.mult3/mult/use_prim.iAdelx[0].iAdely[0].use_delay_line.Adelay/d1.dout_i_reg[15]' (FD) to 'U0/i_synth/xfft_inst/non_floating_point.arch_b.xfft_inst/single_channel.datapath/pe/mult_gen.Mult1/i_cmpy/three_mult_structure.use_dsp.i_dsp48/mult3_preadder_d_minus_a.mult3/mult/use_prim.iAdelx[0].iAdely[0].use_delay_line.Adelay/d1.dout_i_reg[16]'
INFO: [Common 17-14] Message 'Synth 8-3886' appears 100 times and further instances of the messages will be disabled. Use the Tcl command set_msg_config to change the current settings.
INFO: [Synth 8-3333] propagating constant 0 across sequential element (U0/i_synth/\xfft_inst/non_floating_point.arch_b.xfft_inst/control/processing_address_generator/n1.n_128_d_reg[0] )
INFO: [Synth 8-3333] propagating constant 0 across sequential element (U0/i_synth/\xfft_inst/non_floating_point.arch_b.xfft_inst/control/processing_address_generator/n2.n_512_d_reg[0] )
INFO: [Synth 8-3333] propagating constant 0 across sequential element (U0/i_synth/\xfft_inst/non_floating_point.arch_b.xfft_inst/control/processing_address_generator/bypass_reg[0] )
INFO: [Synth 8-3333] propagating constant 0 across sequential element (U0/i_synth/\xfft_inst/non_floating_point.arch_b.xfft_inst/control/control/max_rank_flops[2].max_rank_ff )
INFO: [Synth 8-3333] propagating constant 0 across sequential element (U0/i_synth/\axi_wrapper/reset_pipe_reg[0] )
INFO: [Synth 8-3333] propagating constant 0 across sequential element (U0/i_synth/\axi_wrapper/new_config_with_nfft_change_reg )
INFO: [Synth 8-3333] propagating constant 0 across sequential element (U0/i_synth/\xfft_inst/non_floating_point.arch_b.xfft_inst/control/twiddle_address_generator/N_MAX_P4.p4/greater_than_64.p2_last_rk_vec_delay_reg[0] )
INFO: [Synth 8-3333] propagating constant 0 across sequential element (U0/i_synth/\xfft_inst/non_floating_point.arch_b.xfft_inst/control/twiddle_address_generator/N_MAX_P4.p4/pre_tw2_d_reg[0] )
INFO: [Synth 8-3333] propagating constant 0 across sequential element (U0/i_synth/\xfft_inst/non_floating_point.arch_b.xfft_inst/control/processing_address_generator/n1.n_128_reg_reg[0] )
INFO: [Synth 8-3333] propagating constant 0 across sequential element (U0/i_synth/\xfft_inst/non_floating_point.arch_b.xfft_inst/control/processing_address_generator/n2.n_512_reg_reg[0] )
INFO: [Synth 8-3333] propagating constant 0 across sequential element (U0/i_synth/\xfft_inst/non_floating_point.arch_b.xfft_inst/control/processing_address_generator/bypass_d_reg[0] )
INFO: [Synth 8-3333] propagating constant 0 across sequential element (U0/i_synth/\axi_wrapper/current_state_reg[8] )
INFO: [Synth 8-3333] propagating constant 0 across sequential element (U0/i_synth/\axi_wrapper/reset_pipe_reg[1] )
INFO: [Synth 8-3333] propagating constant 0 across sequential element (U0/i_synth/\xfft_inst/non_floating_point.arch_b.xfft_inst/control/twiddle_address_generator/N_MAX_P4.p4/tw2_reg_loop[0].tw2_reg )
INFO: [Synth 8-3333] propagating constant 0 across sequential element (U0/i_synth/\xfft_inst/non_floating_point.arch_b.xfft_inst/control/processing_address_generator/n1.n_128_reg2_reg[0] )
INFO: [Synth 8-3333] propagating constant 0 across sequential element (U0/i_synth/\xfft_inst/non_floating_point.arch_b.xfft_inst/control/processing_address_generator/n2.n_512_reg2_reg[0] )
INFO: [Synth 8-3333] propagating constant 0 across sequential element (U0/i_synth/\xfft_inst/non_floating_point.arch_b.xfft_inst/control/processing_address_generator/bypass_reg_reg[0] )
INFO: [Synth 8-3332] Sequential element (xfft_inst/non_floating_point.arch_b.xfft_inst/control/control/max_rank_flops[2].max_rank_ff) is unused and will be removed from module xfft_v9_1_3_viv.
INFO: [Synth 8-3332] Sequential element (xfft_inst/non_floating_point.arch_b.xfft_inst/control/twiddle_address_generator/N_MAX_P4.p4/tw2_reg_loop[0].tw2_reg) is unused and will be removed from module xfft_v9_1_3_viv.
---------------------------------------------------------------------------------
Finished Cross Boundary and Area Optimization : Time (s): cpu = 00:01:10 ; elapsed = 00:01:20 . Memory (MB): peak = 1870.805 ; gain = 1015.258
---------------------------------------------------------------------------------

Report RTL Partitions: 
+-+--------------+------------+----------+
| |RTL Partition |Replication |Instances |
+-+--------------+------------+----------+
+-+--------------+------------+----------+
---------------------------------------------------------------------------------
Start Applying XDC Timing Constraints
---------------------------------------------------------------------------------
---------------------------------------------------------------------------------
Finished Applying XDC Timing Constraints : Time (s): cpu = 00:01:23 ; elapsed = 00:01:32 . Memory (MB): peak = 1870.805 ; gain = 1015.258
---------------------------------------------------------------------------------
---------------------------------------------------------------------------------
Start Timing Optimization
---------------------------------------------------------------------------------
---------------------------------------------------------------------------------
Finished Timing Optimization : Time (s): cpu = 00:01:24 ; elapsed = 00:01:34 . Memory (MB): peak = 1870.805 ; gain = 1015.258
---------------------------------------------------------------------------------

Report RTL Partitions: 
+-+--------------+------------+----------+
| |RTL Partition |Replication |Instances |
+-+--------------+------------+----------+
+-+--------------+------------+----------+
---------------------------------------------------------------------------------
Start Technology Mapping
---------------------------------------------------------------------------------
---------------------------------------------------------------------------------
Finished Technology Mapping : Time (s): cpu = 00:01:26 ; elapsed = 00:01:36 . Memory (MB): peak = 1870.805 ; gain = 1015.258
---------------------------------------------------------------------------------

Report RTL Partitions: 
+-+--------------+------------+----------+
| |RTL Partition |Replication |Instances |
+-+--------------+------------+----------+
+-+--------------+------------+----------+
---------------------------------------------------------------------------------
Start IO Insertion
---------------------------------------------------------------------------------
---------------------------------------------------------------------------------
Start Flattening Before IO Insertion
---------------------------------------------------------------------------------
---------------------------------------------------------------------------------
Finished Flattening Before IO Insertion
---------------------------------------------------------------------------------
---------------------------------------------------------------------------------
Start Final Netlist Cleanup
---------------------------------------------------------------------------------
---------------------------------------------------------------------------------
Finished Final Netlist Cleanup
---------------------------------------------------------------------------------
---------------------------------------------------------------------------------
Finished IO Insertion : Time (s): cpu = 00:01:30 ; elapsed = 00:01:40 . Memory (MB): peak = 1870.805 ; gain = 1015.258
---------------------------------------------------------------------------------
---------------------------------------------------------------------------------
Start Renaming Generated Instances
---------------------------------------------------------------------------------
---------------------------------------------------------------------------------
Finished Renaming Generated Instances : Time (s): cpu = 00:01:30 ; elapsed = 00:01:40 . Memory (MB): peak = 1870.805 ; gain = 1015.258
---------------------------------------------------------------------------------

Report RTL Partitions: 
+-+--------------+------------+----------+
| |RTL Partition |Replication |Instances |
+-+--------------+------------+----------+
+-+--------------+------------+----------+

Report Check Netlist: 
+------+------------------+-------+---------+-------+------------------+
|      |Item              |Errors |Warnings |Status |Description       |
+------+------------------+-------+---------+-------+------------------+
|1     |multi_driven_nets |      0|        0|Passed |Multi driven nets |
+------+------------------+-------+---------+-------+------------------+
---------------------------------------------------------------------------------
Start Rebuilding User Hierarchy
---------------------------------------------------------------------------------
---------------------------------------------------------------------------------
Finished Rebuilding User Hierarchy : Time (s): cpu = 00:01:31 ; elapsed = 00:01:41 . Memory (MB): peak = 1870.805 ; gain = 1015.258
---------------------------------------------------------------------------------
---------------------------------------------------------------------------------
Start Renaming Generated Ports
---------------------------------------------------------------------------------
---------------------------------------------------------------------------------
Finished Renaming Generated Ports : Time (s): cpu = 00:01:31 ; elapsed = 00:01:41 . Memory (MB): peak = 1870.805 ; gain = 1015.258
---------------------------------------------------------------------------------
---------------------------------------------------------------------------------
Start Handling Custom Attributes
---------------------------------------------------------------------------------
---------------------------------------------------------------------------------
Finished Handling Custom Attributes : Time (s): cpu = 00:01:31 ; elapsed = 00:01:41 . Memory (MB): peak = 1870.805 ; gain = 1015.258
---------------------------------------------------------------------------------
---------------------------------------------------------------------------------
Start Renaming Generated Nets
---------------------------------------------------------------------------------
---------------------------------------------------------------------------------
Finished Renaming Generated Nets : Time (s): cpu = 00:01:31 ; elapsed = 00:01:41 . Memory (MB): peak = 1870.805 ; gain = 1015.258
---------------------------------------------------------------------------------
---------------------------------------------------------------------------------
Start Writing Synthesis Report
---------------------------------------------------------------------------------

Report BlackBoxes: 
+-+--------------+----------+
| |BlackBox name |Instances |
+-+--------------+----------+
+-+--------------+----------+

Report Cell Usage: 
+------+-----------+------+
|      |Cell       |Count |
+------+-----------+------+
|1     |CARRY4     |    20|
|2     |DSP48E1    |     6|
|3     |DSP48E1_1  |     3|
|4     |LUT1       |    29|
|5     |LUT2       |   352|
|6     |LUT3       |   507|
|7     |LUT4       |    46|
|8     |LUT5       |    22|
|9     |LUT6       |   565|
|10    |MUXCY      |   532|
|11    |MUXF7      |    18|
|12    |RAMB18E1_1 |     4|
|13    |RAMB18E1_3 |     3|
|14    |SRL16E     |   383|
|15    |SRLC32E    |    34|
|16    |XORCY      |   538|
|17    |FDE        |   168|
|18    |FDRE       |  2440|
|19    |FDSE       |     4|
+------+-----------+------+
---------------------------------------------------------------------------------
Finished Writing Synthesis Report : Time (s): cpu = 00:01:31 ; elapsed = 00:01:41 . Memory (MB): peak = 1870.805 ; gain = 1015.258
---------------------------------------------------------------------------------
Synthesis finished with 0 errors, 0 critical warnings and 437 warnings.
Synthesis Optimization Runtime : Time (s): cpu = 00:00:35 ; elapsed = 00:01:36 . Memory (MB): peak = 1870.805 ; gain = 1015.258
Synthesis Optimization Complete : Time (s): cpu = 00:01:32 ; elapsed = 00:01:42 . Memory (MB): peak = 1870.805 ; gain = 1015.258
INFO: [Project 1-571] Translating synthesized netlist
Netlist sorting complete. Time (s): cpu = 00:00:00 ; elapsed = 00:00:00.200 . Memory (MB): peak = 1870.805 ; gain = 0.000
INFO: [Netlist 29-17] Analyzing 1292 Unisim elements for replacement
INFO: [Netlist 29-28] Unisim Transformation completed in 0 CPU seconds
INFO: [Project 1-570] Preparing netlist for logic optimization
INFO: [Opt 31-138] Pushed 0 inverter(s) to 0 load pin(s).
Netlist sorting complete. Time (s): cpu = 00:00:00 ; elapsed = 00:00:00.004 . Memory (MB): peak = 1870.805 ; gain = 0.000
INFO: [Project 1-111] Unisim Transformation Summary:
  A total of 326 instances were transformed.
  (MUXCY,XORCY) => CARRY4: 158 instances
  FDE => FDRE: 168 instances

INFO: [Common 17-83] Releasing license: Synthesis
192 Infos, 102 Warnings, 0 Critical Warnings and 0 Errors encountered.
synth_design completed successfully
synth_design: Time (s): cpu = 00:01:40 ; elapsed = 00:01:55 . Memory (MB): peak = 1870.805 ; gain = 1277.918
Netlist sorting complete. Time (s): cpu = 00:00:00 ; elapsed = 00:00:00.004 . Memory (MB): peak = 1870.805 ; gain = 0.000
WARNING: [Constraints 18-5210] No constraints selected for write.
Resolution: This message can indicate that there are no constraints for the design, or it can indicate that the used_in flags are set such that the constraints are ignored. This later case is used when running synth_design to not write synthesis constraints to the resulting checkpoint. Instead, project constraints are read when the synthesized design is opened.
INFO: [Common 17-1381] The checkpoint 'D:/VivadoProjects/fft_system/fft_system.runs/minized_petalinux_xfft_0_1_synth_1/minized_petalinux_xfft_0_1.dcp' has been generated.
WARNING: [Common 17-576] 'use_project_ipc' is deprecated. This option is deprecated and no longer used.
INFO: [Coretcl 2-1648] Added synthesis output to IP cache for IP minized_petalinux_xfft_0_1, cache-ID = a28ee455862fb599
INFO: [Coretcl 2-1174] Renamed 406 cell refs.
Netlist sorting complete. Time (s): cpu = 00:00:00 ; elapsed = 00:00:00.007 . Memory (MB): peak = 1870.805 ; gain = 0.000
WARNING: [Constraints 18-5210] No constraints selected for write.
Resolution: This message can indicate that there are no constraints for the design, or it can indicate that the used_in flags are set such that the constraints are ignored. This later case is used when running synth_design to not write synthesis constraints to the resulting checkpoint. Instead, project constraints are read when the synthesized design is opened.
INFO: [Common 17-1381] The checkpoint 'D:/VivadoProjects/fft_system/fft_system.runs/minized_petalinux_xfft_0_1_synth_1/minized_petalinux_xfft_0_1.dcp' has been generated.
INFO: [runtcl-4] Executing : report_utilization -file minized_petalinux_xfft_0_1_utilization_synth.rpt -pb minized_petalinux_xfft_0_1_utilization_synth.pb
INFO: [Common 17-206] Exiting Vivado at Tue Nov 10 16:33:45 2020...
